ARM GAS  C:\Users\12990\AppData\Local\Temp\ccR8V8OI.s 			page 1


   1              		.cpu cortex-m4
   2              		.arch armv7e-m
   3              		.fpu fpv4-sp-d16
   4              		.eabi_attribute 27, 1
   5              		.eabi_attribute 28, 1
   6              		.eabi_attribute 20, 1
   7              		.eabi_attribute 21, 1
   8              		.eabi_attribute 23, 3
   9              		.eabi_attribute 24, 1
  10              		.eabi_attribute 25, 1
  11              		.eabi_attribute 26, 1
  12              		.eabi_attribute 30, 1
  13              		.eabi_attribute 34, 1
  14              		.eabi_attribute 18, 4
  15              		.file	"dma.c"
  16              		.text
  17              	.Ltext0:
  18              		.cfi_sections	.debug_frame
  19              		.section	.text.MX_DMA_Init,"ax",%progbits
  20              		.align	1
  21              		.global	MX_DMA_Init
  22              		.syntax unified
  23              		.thumb
  24              		.thumb_func
  26              	MX_DMA_Init:
  27              	.LFB130:
  28              		.file 1 "Core/Src/dma.c"
   1:Core/Src/dma.c **** /* USER CODE BEGIN Header */
   2:Core/Src/dma.c **** /**
   3:Core/Src/dma.c ****   ******************************************************************************
   4:Core/Src/dma.c ****   * @file    dma.c
   5:Core/Src/dma.c ****   * @brief   This file provides code for the configuration
   6:Core/Src/dma.c ****   *          of all the requested memory to memory DMA transfers.
   7:Core/Src/dma.c ****   ******************************************************************************
   8:Core/Src/dma.c ****   * @attention
   9:Core/Src/dma.c ****   *
  10:Core/Src/dma.c ****   * Copyright (c) 2024 STMicroelectronics.
  11:Core/Src/dma.c ****   * All rights reserved.
  12:Core/Src/dma.c ****   *
  13:Core/Src/dma.c ****   * This software is licensed under terms that can be found in the LICENSE file
  14:Core/Src/dma.c ****   * in the root directory of this software component.
  15:Core/Src/dma.c ****   * If no LICENSE file comes with this software, it is provided AS-IS.
  16:Core/Src/dma.c ****   *
  17:Core/Src/dma.c ****   ******************************************************************************
  18:Core/Src/dma.c ****   */
  19:Core/Src/dma.c **** /* USER CODE END Header */
  20:Core/Src/dma.c **** 
  21:Core/Src/dma.c **** /* Includes ------------------------------------------------------------------*/
  22:Core/Src/dma.c **** #include "dma.h"
  23:Core/Src/dma.c **** 
  24:Core/Src/dma.c **** /* USER CODE BEGIN 0 */
  25:Core/Src/dma.c **** 
  26:Core/Src/dma.c **** /* USER CODE END 0 */
  27:Core/Src/dma.c **** 
  28:Core/Src/dma.c **** /*----------------------------------------------------------------------------*/
  29:Core/Src/dma.c **** /* Configure DMA                                                              */
  30:Core/Src/dma.c **** /*----------------------------------------------------------------------------*/
ARM GAS  C:\Users\12990\AppData\Local\Temp\ccR8V8OI.s 			page 2


  31:Core/Src/dma.c **** 
  32:Core/Src/dma.c **** /* USER CODE BEGIN 1 */
  33:Core/Src/dma.c **** 
  34:Core/Src/dma.c **** /* USER CODE END 1 */
  35:Core/Src/dma.c **** 
  36:Core/Src/dma.c **** /**
  37:Core/Src/dma.c ****   * Enable DMA controller clock
  38:Core/Src/dma.c ****   */
  39:Core/Src/dma.c **** void MX_DMA_Init(void)
  40:Core/Src/dma.c **** {
  29              		.loc 1 40 1 view -0
  30              		.cfi_startproc
  31              		@ args = 0, pretend = 0, frame = 8
  32              		@ frame_needed = 0, uses_anonymous_args = 0
  33 0000 00B5     		push	{lr}
  34              	.LCFI0:
  35              		.cfi_def_cfa_offset 4
  36              		.cfi_offset 14, -4
  37 0002 83B0     		sub	sp, sp, #12
  38              	.LCFI1:
  39              		.cfi_def_cfa_offset 16
  41:Core/Src/dma.c **** 
  42:Core/Src/dma.c ****   /* DMA controller clock enable */
  43:Core/Src/dma.c ****   __HAL_RCC_DMA1_CLK_ENABLE();
  40              		.loc 1 43 3 view .LVU1
  41              	.LBB2:
  42              		.loc 1 43 3 view .LVU2
  43 0004 0021     		movs	r1, #0
  44 0006 0191     		str	r1, [sp, #4]
  45              		.loc 1 43 3 view .LVU3
  46 0008 094B     		ldr	r3, .L3
  47 000a 1A6B     		ldr	r2, [r3, #48]
  48 000c 42F40012 		orr	r2, r2, #2097152
  49 0010 1A63     		str	r2, [r3, #48]
  50              		.loc 1 43 3 view .LVU4
  51 0012 1B6B     		ldr	r3, [r3, #48]
  52 0014 03F40013 		and	r3, r3, #2097152
  53 0018 0193     		str	r3, [sp, #4]
  54              		.loc 1 43 3 view .LVU5
  55 001a 019B     		ldr	r3, [sp, #4]
  56              	.LBE2:
  57              		.loc 1 43 3 view .LVU6
  44:Core/Src/dma.c **** 
  45:Core/Src/dma.c ****   /* DMA interrupt init */
  46:Core/Src/dma.c ****   /* DMA1_Stream1_IRQn interrupt configuration */
  47:Core/Src/dma.c ****   HAL_NVIC_SetPriority(DMA1_Stream1_IRQn, 0, 0);
  58              		.loc 1 47 3 view .LVU7
  59 001c 0A46     		mov	r2, r1
  60 001e 0C20     		movs	r0, #12
  61 0020 FFF7FEFF 		bl	HAL_NVIC_SetPriority
  62              	.LVL0:
  48:Core/Src/dma.c ****   HAL_NVIC_EnableIRQ(DMA1_Stream1_IRQn);
  63              		.loc 1 48 3 view .LVU8
  64 0024 0C20     		movs	r0, #12
  65 0026 FFF7FEFF 		bl	HAL_NVIC_EnableIRQ
  66              	.LVL1:
  49:Core/Src/dma.c **** 
ARM GAS  C:\Users\12990\AppData\Local\Temp\ccR8V8OI.s 			page 3


  50:Core/Src/dma.c **** }
  67              		.loc 1 50 1 is_stmt 0 view .LVU9
  68 002a 03B0     		add	sp, sp, #12
  69              	.LCFI2:
  70              		.cfi_def_cfa_offset 4
  71              		@ sp needed
  72 002c 5DF804FB 		ldr	pc, [sp], #4
  73              	.L4:
  74              		.align	2
  75              	.L3:
  76 0030 00380240 		.word	1073887232
  77              		.cfi_endproc
  78              	.LFE130:
  80              		.text
  81              	.Letext0:
  82              		.file 2 "c:\\program files (x86)\\gnu arm embedded toolchain\\10 2021.10\\arm-none-eabi\\include\\
  83              		.file 3 "c:\\program files (x86)\\gnu arm embedded toolchain\\10 2021.10\\arm-none-eabi\\include\\
  84              		.file 4 "Drivers/CMSIS/Device/ST/STM32F4xx/Include/stm32f407xx.h"
  85              		.file 5 "Drivers/STM32F4xx_HAL_Driver/Inc/stm32f4xx_hal_cortex.h"
ARM GAS  C:\Users\12990\AppData\Local\Temp\ccR8V8OI.s 			page 4


DEFINED SYMBOLS
                            *ABS*:00000000 dma.c
C:\Users\12990\AppData\Local\Temp\ccR8V8OI.s:20     .text.MX_DMA_Init:00000000 $t
C:\Users\12990\AppData\Local\Temp\ccR8V8OI.s:26     .text.MX_DMA_Init:00000000 MX_DMA_Init
C:\Users\12990\AppData\Local\Temp\ccR8V8OI.s:76     .text.MX_DMA_Init:00000030 $d

UNDEFINED SYMBOLS
HAL_NVIC_SetPriority
HAL_NVIC_EnableIRQ
