ARM GAS  C:\Users\12990\AppData\Local\Temp\ccsEDrVG.s 			page 1


   1              		.cpu cortex-m4
   2              		.arch armv7e-m
   3              		.fpu fpv4-sp-d16
   4              		.eabi_attribute 27, 1
   5              		.eabi_attribute 28, 1
   6              		.eabi_attribute 20, 1
   7              		.eabi_attribute 21, 1
   8              		.eabi_attribute 23, 3
   9              		.eabi_attribute 24, 1
  10              		.eabi_attribute 25, 1
  11              		.eabi_attribute 26, 1
  12              		.eabi_attribute 30, 1
  13              		.eabi_attribute 34, 1
  14              		.eabi_attribute 18, 4
  15              		.file	"gpio.c"
  16              		.text
  17              	.Ltext0:
  18              		.cfi_sections	.debug_frame
  19              		.section	.text.MX_GPIO_Init,"ax",%progbits
  20              		.align	1
  21              		.global	MX_GPIO_Init
  22              		.syntax unified
  23              		.thumb
  24              		.thumb_func
  26              	MX_GPIO_Init:
  27              	.LFB130:
  28              		.file 1 "Core/Src/gpio.c"
   1:Core/Src/gpio.c **** /* USER CODE BEGIN Header */
   2:Core/Src/gpio.c **** /**
   3:Core/Src/gpio.c ****   ******************************************************************************
   4:Core/Src/gpio.c ****   * @file    gpio.c
   5:Core/Src/gpio.c ****   * @brief   This file provides code for the configuration
   6:Core/Src/gpio.c ****   *          of all used GPIO pins.
   7:Core/Src/gpio.c ****   ******************************************************************************
   8:Core/Src/gpio.c ****   * @attention
   9:Core/Src/gpio.c ****   *
  10:Core/Src/gpio.c ****   * Copyright (c) 2024 STMicroelectronics.
  11:Core/Src/gpio.c ****   * All rights reserved.
  12:Core/Src/gpio.c ****   *
  13:Core/Src/gpio.c ****   * This software is licensed under terms that can be found in the LICENSE file
  14:Core/Src/gpio.c ****   * in the root directory of this software component.
  15:Core/Src/gpio.c ****   * If no LICENSE file comes with this software, it is provided AS-IS.
  16:Core/Src/gpio.c ****   *
  17:Core/Src/gpio.c ****   ******************************************************************************
  18:Core/Src/gpio.c ****   */
  19:Core/Src/gpio.c **** /* USER CODE END Header */
  20:Core/Src/gpio.c **** 
  21:Core/Src/gpio.c **** /* Includes ------------------------------------------------------------------*/
  22:Core/Src/gpio.c **** #include "gpio.h"
  23:Core/Src/gpio.c **** 
  24:Core/Src/gpio.c **** /* USER CODE BEGIN 0 */
  25:Core/Src/gpio.c **** 
  26:Core/Src/gpio.c **** /* USER CODE END 0 */
  27:Core/Src/gpio.c **** 
  28:Core/Src/gpio.c **** /*----------------------------------------------------------------------------*/
  29:Core/Src/gpio.c **** /* Configure GPIO                                                             */
  30:Core/Src/gpio.c **** /*----------------------------------------------------------------------------*/
ARM GAS  C:\Users\12990\AppData\Local\Temp\ccsEDrVG.s 			page 2


  31:Core/Src/gpio.c **** /* USER CODE BEGIN 1 */
  32:Core/Src/gpio.c **** 
  33:Core/Src/gpio.c **** /* USER CODE END 1 */
  34:Core/Src/gpio.c **** 
  35:Core/Src/gpio.c **** /** Configure pins as
  36:Core/Src/gpio.c ****         * Analog
  37:Core/Src/gpio.c ****         * Input
  38:Core/Src/gpio.c ****         * Output
  39:Core/Src/gpio.c ****         * EVENT_OUT
  40:Core/Src/gpio.c ****         * EXTI
  41:Core/Src/gpio.c **** */
  42:Core/Src/gpio.c **** void MX_GPIO_Init(void)
  43:Core/Src/gpio.c **** {
  29              		.loc 1 43 1 view -0
  30              		.cfi_startproc
  31              		@ args = 0, pretend = 0, frame = 48
  32              		@ frame_needed = 0, uses_anonymous_args = 0
  33 0000 30B5     		push	{r4, r5, lr}
  34              	.LCFI0:
  35              		.cfi_def_cfa_offset 12
  36              		.cfi_offset 4, -12
  37              		.cfi_offset 5, -8
  38              		.cfi_offset 14, -4
  39 0002 8DB0     		sub	sp, sp, #52
  40              	.LCFI1:
  41              		.cfi_def_cfa_offset 64
  44:Core/Src/gpio.c **** 
  45:Core/Src/gpio.c ****   GPIO_InitTypeDef GPIO_InitStruct = {0};
  42              		.loc 1 45 3 view .LVU1
  43              		.loc 1 45 20 is_stmt 0 view .LVU2
  44 0004 0024     		movs	r4, #0
  45 0006 0794     		str	r4, [sp, #28]
  46 0008 0894     		str	r4, [sp, #32]
  47 000a 0994     		str	r4, [sp, #36]
  48 000c 0A94     		str	r4, [sp, #40]
  49 000e 0B94     		str	r4, [sp, #44]
  46:Core/Src/gpio.c **** 
  47:Core/Src/gpio.c ****   /* GPIO Ports Clock Enable */
  48:Core/Src/gpio.c ****   __HAL_RCC_GPIOB_CLK_ENABLE();
  50              		.loc 1 48 3 is_stmt 1 view .LVU3
  51              	.LBB2:
  52              		.loc 1 48 3 view .LVU4
  53 0010 0194     		str	r4, [sp, #4]
  54              		.loc 1 48 3 view .LVU5
  55 0012 284B     		ldr	r3, .L3
  56 0014 1A6B     		ldr	r2, [r3, #48]
  57 0016 42F00202 		orr	r2, r2, #2
  58 001a 1A63     		str	r2, [r3, #48]
  59              		.loc 1 48 3 view .LVU6
  60 001c 1A6B     		ldr	r2, [r3, #48]
  61 001e 02F00202 		and	r2, r2, #2
  62 0022 0192     		str	r2, [sp, #4]
  63              		.loc 1 48 3 view .LVU7
  64 0024 019A     		ldr	r2, [sp, #4]
  65              	.LBE2:
  66              		.loc 1 48 3 view .LVU8
  49:Core/Src/gpio.c ****   __HAL_RCC_GPIOD_CLK_ENABLE();
ARM GAS  C:\Users\12990\AppData\Local\Temp\ccsEDrVG.s 			page 3


  67              		.loc 1 49 3 view .LVU9
  68              	.LBB3:
  69              		.loc 1 49 3 view .LVU10
  70 0026 0294     		str	r4, [sp, #8]
  71              		.loc 1 49 3 view .LVU11
  72 0028 1A6B     		ldr	r2, [r3, #48]
  73 002a 42F00802 		orr	r2, r2, #8
  74 002e 1A63     		str	r2, [r3, #48]
  75              		.loc 1 49 3 view .LVU12
  76 0030 1A6B     		ldr	r2, [r3, #48]
  77 0032 02F00802 		and	r2, r2, #8
  78 0036 0292     		str	r2, [sp, #8]
  79              		.loc 1 49 3 view .LVU13
  80 0038 029A     		ldr	r2, [sp, #8]
  81              	.LBE3:
  82              		.loc 1 49 3 view .LVU14
  50:Core/Src/gpio.c ****   __HAL_RCC_GPIOC_CLK_ENABLE();
  83              		.loc 1 50 3 view .LVU15
  84              	.LBB4:
  85              		.loc 1 50 3 view .LVU16
  86 003a 0394     		str	r4, [sp, #12]
  87              		.loc 1 50 3 view .LVU17
  88 003c 1A6B     		ldr	r2, [r3, #48]
  89 003e 42F00402 		orr	r2, r2, #4
  90 0042 1A63     		str	r2, [r3, #48]
  91              		.loc 1 50 3 view .LVU18
  92 0044 1A6B     		ldr	r2, [r3, #48]
  93 0046 02F00402 		and	r2, r2, #4
  94 004a 0392     		str	r2, [sp, #12]
  95              		.loc 1 50 3 view .LVU19
  96 004c 039A     		ldr	r2, [sp, #12]
  97              	.LBE4:
  98              		.loc 1 50 3 view .LVU20
  51:Core/Src/gpio.c ****   __HAL_RCC_GPIOF_CLK_ENABLE();
  99              		.loc 1 51 3 view .LVU21
 100              	.LBB5:
 101              		.loc 1 51 3 view .LVU22
 102 004e 0494     		str	r4, [sp, #16]
 103              		.loc 1 51 3 view .LVU23
 104 0050 1A6B     		ldr	r2, [r3, #48]
 105 0052 42F02002 		orr	r2, r2, #32
 106 0056 1A63     		str	r2, [r3, #48]
 107              		.loc 1 51 3 view .LVU24
 108 0058 1A6B     		ldr	r2, [r3, #48]
 109 005a 02F02002 		and	r2, r2, #32
 110 005e 0492     		str	r2, [sp, #16]
 111              		.loc 1 51 3 view .LVU25
 112 0060 049A     		ldr	r2, [sp, #16]
 113              	.LBE5:
 114              		.loc 1 51 3 view .LVU26
  52:Core/Src/gpio.c ****   __HAL_RCC_GPIOA_CLK_ENABLE();
 115              		.loc 1 52 3 view .LVU27
 116              	.LBB6:
 117              		.loc 1 52 3 view .LVU28
 118 0062 0594     		str	r4, [sp, #20]
 119              		.loc 1 52 3 view .LVU29
 120 0064 1A6B     		ldr	r2, [r3, #48]
ARM GAS  C:\Users\12990\AppData\Local\Temp\ccsEDrVG.s 			page 4


 121 0066 42F00102 		orr	r2, r2, #1
 122 006a 1A63     		str	r2, [r3, #48]
 123              		.loc 1 52 3 view .LVU30
 124 006c 1A6B     		ldr	r2, [r3, #48]
 125 006e 02F00102 		and	r2, r2, #1
 126 0072 0592     		str	r2, [sp, #20]
 127              		.loc 1 52 3 view .LVU31
 128 0074 059A     		ldr	r2, [sp, #20]
 129              	.LBE6:
 130              		.loc 1 52 3 view .LVU32
  53:Core/Src/gpio.c ****   __HAL_RCC_GPIOH_CLK_ENABLE();
 131              		.loc 1 53 3 view .LVU33
 132              	.LBB7:
 133              		.loc 1 53 3 view .LVU34
 134 0076 0694     		str	r4, [sp, #24]
 135              		.loc 1 53 3 view .LVU35
 136 0078 1A6B     		ldr	r2, [r3, #48]
 137 007a 42F08002 		orr	r2, r2, #128
 138 007e 1A63     		str	r2, [r3, #48]
 139              		.loc 1 53 3 view .LVU36
 140 0080 1B6B     		ldr	r3, [r3, #48]
 141 0082 03F08003 		and	r3, r3, #128
 142 0086 0693     		str	r3, [sp, #24]
 143              		.loc 1 53 3 view .LVU37
 144 0088 069B     		ldr	r3, [sp, #24]
 145              	.LBE7:
 146              		.loc 1 53 3 view .LVU38
  54:Core/Src/gpio.c **** 
  55:Core/Src/gpio.c ****   /*Configure GPIO pin Output Level */
  56:Core/Src/gpio.c ****   HAL_GPIO_WritePin(GPIOH, LED_R_Pin|LED_G_Pin|LED_B_Pin, GPIO_PIN_RESET);
 147              		.loc 1 56 3 view .LVU39
 148 008a 0B4D     		ldr	r5, .L3+4
 149 008c 2246     		mov	r2, r4
 150 008e 4FF4E051 		mov	r1, #7168
 151 0092 2846     		mov	r0, r5
 152 0094 FFF7FEFF 		bl	HAL_GPIO_WritePin
 153              	.LVL0:
  57:Core/Src/gpio.c **** 
  58:Core/Src/gpio.c ****   /*Configure GPIO pins : PHPin PHPin PHPin */
  59:Core/Src/gpio.c ****   GPIO_InitStruct.Pin = LED_R_Pin|LED_G_Pin|LED_B_Pin;
 154              		.loc 1 59 3 view .LVU40
 155              		.loc 1 59 23 is_stmt 0 view .LVU41
 156 0098 4FF4E053 		mov	r3, #7168
 157 009c 0793     		str	r3, [sp, #28]
  60:Core/Src/gpio.c ****   GPIO_InitStruct.Mode = GPIO_MODE_OUTPUT_PP;
 158              		.loc 1 60 3 is_stmt 1 view .LVU42
 159              		.loc 1 60 24 is_stmt 0 view .LVU43
 160 009e 0123     		movs	r3, #1
 161 00a0 0893     		str	r3, [sp, #32]
  61:Core/Src/gpio.c ****   GPIO_InitStruct.Pull = GPIO_PULLUP;
 162              		.loc 1 61 3 is_stmt 1 view .LVU44
 163              		.loc 1 61 24 is_stmt 0 view .LVU45
 164 00a2 0993     		str	r3, [sp, #36]
  62:Core/Src/gpio.c ****   GPIO_InitStruct.Speed = GPIO_SPEED_FREQ_LOW;
 165              		.loc 1 62 3 is_stmt 1 view .LVU46
 166              		.loc 1 62 25 is_stmt 0 view .LVU47
 167 00a4 0A94     		str	r4, [sp, #40]
ARM GAS  C:\Users\12990\AppData\Local\Temp\ccsEDrVG.s 			page 5


  63:Core/Src/gpio.c ****   HAL_GPIO_Init(GPIOH, &GPIO_InitStruct);
 168              		.loc 1 63 3 is_stmt 1 view .LVU48
 169 00a6 07A9     		add	r1, sp, #28
 170 00a8 2846     		mov	r0, r5
 171 00aa FFF7FEFF 		bl	HAL_GPIO_Init
 172              	.LVL1:
  64:Core/Src/gpio.c **** 
  65:Core/Src/gpio.c **** }
 173              		.loc 1 65 1 is_stmt 0 view .LVU49
 174 00ae 0DB0     		add	sp, sp, #52
 175              	.LCFI2:
 176              		.cfi_def_cfa_offset 12
 177              		@ sp needed
 178 00b0 30BD     		pop	{r4, r5, pc}
 179              	.L4:
 180 00b2 00BF     		.align	2
 181              	.L3:
 182 00b4 00380240 		.word	1073887232
 183 00b8 001C0240 		.word	1073880064
 184              		.cfi_endproc
 185              	.LFE130:
 187              		.text
 188              	.Letext0:
 189              		.file 2 "c:\\program files (x86)\\gnu arm embedded toolchain\\10 2021.10\\arm-none-eabi\\include\\
 190              		.file 3 "c:\\program files (x86)\\gnu arm embedded toolchain\\10 2021.10\\arm-none-eabi\\include\\
 191              		.file 4 "Drivers/CMSIS/Device/ST/STM32F4xx/Include/stm32f407xx.h"
 192              		.file 5 "Drivers/STM32F4xx_HAL_Driver/Inc/stm32f4xx_hal_gpio.h"
ARM GAS  C:\Users\12990\AppData\Local\Temp\ccsEDrVG.s 			page 6


DEFINED SYMBOLS
                            *ABS*:00000000 gpio.c
C:\Users\12990\AppData\Local\Temp\ccsEDrVG.s:20     .text.MX_GPIO_Init:00000000 $t
C:\Users\12990\AppData\Local\Temp\ccsEDrVG.s:26     .text.MX_GPIO_Init:00000000 MX_GPIO_Init
C:\Users\12990\AppData\Local\Temp\ccsEDrVG.s:182    .text.MX_GPIO_Init:000000b4 $d

UNDEFINED SYMBOLS
HAL_GPIO_WritePin
HAL_GPIO_Init
