ARM GAS  C:\Users\12990\AppData\Local\Temp\cckm0Ltp.s 			page 1


   1              		.cpu cortex-m4
   2              		.arch armv7e-m
   3              		.fpu fpv4-sp-d16
   4              		.eabi_attribute 27, 1
   5              		.eabi_attribute 28, 1
   6              		.eabi_attribute 20, 1
   7              		.eabi_attribute 21, 1
   8              		.eabi_attribute 23, 3
   9              		.eabi_attribute 24, 1
  10              		.eabi_attribute 25, 1
  11              		.eabi_attribute 26, 1
  12              		.eabi_attribute 30, 1
  13              		.eabi_attribute 34, 1
  14              		.eabi_attribute 18, 4
  15              		.file	"main.c"
  16              		.text
  17              	.Ltext0:
  18              		.cfi_sections	.debug_frame
  19              		.section	.text.Error_Handler,"ax",%progbits
  20              		.align	1
  21              		.global	Error_Handler
  22              		.syntax unified
  23              		.thumb
  24              		.thumb_func
  26              	Error_Handler:
  27              	.LFB132:
  28              		.file 1 "Core/Src/main.c"
   1:Core/Src/main.c **** /* USER CODE BEGIN Header */
   2:Core/Src/main.c **** /**
   3:Core/Src/main.c ****   ******************************************************************************
   4:Core/Src/main.c ****   * @file           : main.c
   5:Core/Src/main.c ****   * @brief          : Main program body
   6:Core/Src/main.c ****   ******************************************************************************
   7:Core/Src/main.c ****   * @attention      : å°ç±³ç”µæœºæµ‹è¯•
   8:Core/Src/main.c ****   *
   9:Core/Src/main.c ****   * Copyright (c) 2024 STMicroelectronics.
  10:Core/Src/main.c ****   * All rights reserved.
  11:Core/Src/main.c ****   *
  12:Core/Src/main.c ****   * This software is licensed under terms that can be found in the LICENSE file
  13:Core/Src/main.c ****   * in the root directory of this software component.
  14:Core/Src/main.c ****   * If no LICENSE file comes with this software, it is provided AS-IS.
  15:Core/Src/main.c ****   *
  16:Core/Src/main.c ****   ******************************************************************************
  17:Core/Src/main.c ****   */
  18:Core/Src/main.c **** /* USER CODE END Header */
  19:Core/Src/main.c **** /* Includes ------------------------------------------------------------------*/
  20:Core/Src/main.c **** #include "main.h"
  21:Core/Src/main.c **** #include "can.h"
  22:Core/Src/main.c **** #include "dma.h"
  23:Core/Src/main.c **** #include "i2c.h"
  24:Core/Src/main.c **** #include "usart.h"
  25:Core/Src/main.c **** #include "gpio.h"
  26:Core/Src/main.c **** 
  27:Core/Src/main.c **** /* Private includes ----------------------------------------------------------*/
  28:Core/Src/main.c **** /* USER CODE BEGIN Includes */
  29:Core/Src/main.c **** #include "MI_motor_drive.h"
  30:Core/Src/main.c **** #include "can_test.h"
ARM GAS  C:\Users\12990\AppData\Local\Temp\cckm0Ltp.s 			page 2


  31:Core/Src/main.c **** #include "remote_control.h"
  32:Core/Src/main.c **** #include "bsp_usart.h"
  33:Core/Src/main.c **** #include "bsp_rc.h"
  34:Core/Src/main.c **** #include "OLED.h"
  35:Core/Src/main.c **** /* USER CODE END Includes */
  36:Core/Src/main.c **** 
  37:Core/Src/main.c **** /* Private typedef -----------------------------------------------------------*/
  38:Core/Src/main.c **** /* USER CODE BEGIN PTD */
  39:Core/Src/main.c **** 
  40:Core/Src/main.c **** 
  41:Core/Src/main.c **** /* USER CODE END PTD */
  42:Core/Src/main.c **** 
  43:Core/Src/main.c **** /* Private define ------------------------------------------------------------*/
  44:Core/Src/main.c **** /* USER CODE BEGIN PD */
  45:Core/Src/main.c **** 
  46:Core/Src/main.c **** /* USER CODE END PD */
  47:Core/Src/main.c **** 
  48:Core/Src/main.c **** /* Private macro -------------------------------------------------------------*/
  49:Core/Src/main.c **** /* USER CODE BEGIN PM */
  50:Core/Src/main.c **** 
  51:Core/Src/main.c **** 
  52:Core/Src/main.c **** /* USER CODE END PM */
  53:Core/Src/main.c **** 
  54:Core/Src/main.c **** /* Private variables ---------------------------------------------------------*/
  55:Core/Src/main.c **** 
  56:Core/Src/main.c **** /* USER CODE BEGIN PV */
  57:Core/Src/main.c **** const RC_ctrl_t* DT7_pram; //é¥æŽ§å™¨æŽ§åˆ¶ç»“æž„ä½“
  58:Core/Src/main.c **** 
  59:Core/Src/main.c **** /* USER CODE END PV */
  60:Core/Src/main.c **** 
  61:Core/Src/main.c **** /* Private function prototypes -----------------------------------------------*/
  62:Core/Src/main.c **** void SystemClock_Config(void);
  63:Core/Src/main.c **** /* USER CODE BEGIN PFP */
  64:Core/Src/main.c **** 
  65:Core/Src/main.c **** /* USER CODE END PFP */
  66:Core/Src/main.c **** 
  67:Core/Src/main.c **** /* Private user code ---------------------------------------------------------*/
  68:Core/Src/main.c **** /* USER CODE BEGIN 0 */
  69:Core/Src/main.c **** 
  70:Core/Src/main.c **** /* USER CODE END 0 */
  71:Core/Src/main.c **** 
  72:Core/Src/main.c **** /**
  73:Core/Src/main.c ****   * @brief  The application entry point.
  74:Core/Src/main.c ****   * @retval int
  75:Core/Src/main.c ****   */
  76:Core/Src/main.c **** int main(void)
  77:Core/Src/main.c **** {
  78:Core/Src/main.c ****   /* USER CODE BEGIN 1 */
  79:Core/Src/main.c **** 
  80:Core/Src/main.c ****   /* USER CODE END 1 */
  81:Core/Src/main.c **** 
  82:Core/Src/main.c ****   /* MCU Configuration--------------------------------------------------------*/
  83:Core/Src/main.c **** 
  84:Core/Src/main.c ****   /* Reset of all peripherals, Initializes the Flash interface and the Systick. */
  85:Core/Src/main.c ****   HAL_Init();
  86:Core/Src/main.c **** 
  87:Core/Src/main.c ****   /* USER CODE BEGIN Init */
ARM GAS  C:\Users\12990\AppData\Local\Temp\cckm0Ltp.s 			page 3


  88:Core/Src/main.c ****   /* USER CODE END Init */
  89:Core/Src/main.c **** 
  90:Core/Src/main.c ****   /* Configure the system clock */
  91:Core/Src/main.c ****   SystemClock_Config();
  92:Core/Src/main.c **** 
  93:Core/Src/main.c ****   /* USER CODE BEGIN SysInit */
  94:Core/Src/main.c **** 
  95:Core/Src/main.c ****   /* USER CODE END SysInit */
  96:Core/Src/main.c **** 
  97:Core/Src/main.c ****   /* Initialize all configured peripherals */
  98:Core/Src/main.c ****   MX_GPIO_Init();
  99:Core/Src/main.c ****   MX_DMA_Init();
 100:Core/Src/main.c ****   MX_CAN1_Init();
 101:Core/Src/main.c ****   MX_USART1_UART_Init();
 102:Core/Src/main.c ****   MX_USART3_UART_Init();
 103:Core/Src/main.c ****   MX_I2C2_Init();
 104:Core/Src/main.c ****   /* USER CODE BEGIN 2 */
 105:Core/Src/main.c **** 
 106:Core/Src/main.c ****   // MX_CAN1_Init() åŠŸèƒ½ï¼šé…ç½®CAN1å‚æ•° + æ‰“å¼€NVIC + æ‰“å¼€GPIO
 107:Core/Src/main.c **** 
 108:Core/Src/main.c ****   //è‡ªå®šä¹‰ åˆå§‹åŒ– å¼€å§‹ ----------------------------------------------------------------
 109:Core/Src/main.c ****   int i = 0;
 110:Core/Src/main.c ****   OLED_init();           // OLEDåˆå§‹åŒ–
 111:Core/Src/main.c ****   OLED_clear();          OLED_printf(i/20,i%20,"#");  OLED_refresh_gram(); i++; // OLEDæ¸…å±
 112:Core/Src/main.c ****   remote_control_init(); OLED_printf(i/20,i%20,"#");  OLED_refresh_gram(); i++; // é¥æŽ§å™¨åˆå§‹å
 113:Core/Src/main.c ****   CAN_Init(&hcan1);      OLED_printf(i/20,i%20,"#");  OLED_refresh_gram(); i++; // åˆå§‹åŒ–CAN1
 114:Core/Src/main.c **** 
 115:Core/Src/main.c ****   MI_Motor_s MI_Motor_ID1;                  // å®šä¹‰å°ç±³ç”µæœºç»“æž„ä½“1
 116:Core/Src/main.c ****   MI_Motor_s MI_Motor_ID2;                  // å®šä¹‰å°ç±³ç”µæœºç»“æž„ä½“2
 117:Core/Src/main.c ****   MI_motor_Init(&MI_Motor_ID1,&MI_CAN_1,1); // å°†MI_CAN_1ï¼Œ1ä¼ å…¥å°ç±³ç»“æž„ä½“ 
 118:Core/Src/main.c ****   MI_motor_Init(&MI_Motor_ID2,&MI_CAN_1,2); // å°†MI_CAN_2ï¼Œ2ä¼ å…¥å°ç±³ç»“æž„ä½“ 
 119:Core/Src/main.c ****   MI_motor_Enable(&MI_Motor_ID1);           // é€šè¿‡å‘é€å°ç±³ç»“æž„ä½“ data=00000000 ç”µæœºä½¿è
 120:Core/Src/main.c ****   MI_motor_Enable(&MI_Motor_ID2);           // é€šè¿‡å‘é€å°ç±³ç»“æž„ä½“ data=00000000 ç”µæœºä½¿è
 121:Core/Src/main.c **** 
 122:Core/Src/main.c ****   float speed = 2;//è®¾å®šè¿è¡Œé€Ÿåº¦ä¸º 2rad/s
 123:Core/Src/main.c ****   OLED_clear();
 124:Core/Src/main.c ****   //è‡ªå®šä¹‰ åˆå§‹åŒ– ç»“æŸ ----------------------------------------------------------------
 125:Core/Src/main.c **** 
 126:Core/Src/main.c ****   /* USER CODE END 2 */
 127:Core/Src/main.c **** 
 128:Core/Src/main.c ****   /* Infinite loop */
 129:Core/Src/main.c ****   /* USER CODE BEGIN WHILE */
 130:Core/Src/main.c ****       OLED_show_string(0,1,"CH0 = "); 
 131:Core/Src/main.c ****       OLED_show_string(1,1,"CH1 = ");
 132:Core/Src/main.c ****       OLED_show_string(2,1,"CH2 = ");
 133:Core/Src/main.c ****       OLED_show_string(3,1,"CH3 = ");
 134:Core/Src/main.c ****   while (1)
 135:Core/Src/main.c ****   {
 136:Core/Src/main.c ****     DT7_pram = get_remote_control_point(); // èŽ·å–é¥æŽ§å™¨æŽ§åˆ¶ç»“æž„ä½“
 137:Core/Src/main.c ****     speed = DT7_pram->rc.ch[1]/660.0;      // é€šè¿‡é¥æŽ§å™¨æŽ§åˆ¶ç”µæœºé€Ÿåº¦ //æ•°æ®ç±»åž‹ = in
 138:Core/Src/main.c ****     speed = speed*5; //åŠ æƒ
 139:Core/Src/main.c **** 
 140:Core/Src/main.c ****     // è·Ÿè¸ªé¥æŽ§å™¨4ä¸ªé€šé“å‚æ•°
 141:Core/Src/main.c ****     OLED_show_signednum(0,6,DT7_pram->rc.ch[0],3);
 142:Core/Src/main.c ****     OLED_show_signednum(1,6,DT7_pram->rc.ch[1],3);
 143:Core/Src/main.c ****     OLED_show_signednum(2,6,DT7_pram->rc.ch[2],3);
 144:Core/Src/main.c ****     OLED_show_signednum(3,6,DT7_pram->rc.ch[3],3);
ARM GAS  C:\Users\12990\AppData\Local\Temp\cckm0Ltp.s 			page 4


 145:Core/Src/main.c ****     OLED_show_signednum(4,6,DT7_pram->rc.ch[3]/33,3); //è¿™é‡Œé™¤å‡ºæ¥çš„æ˜¯æ•´æ•°ï¼Œå¯¼è‡´ç”µæœºæ
 146:Core/Src/main.c ****     OLED_refresh_gram();
 147:Core/Src/main.c ****     //æ³¨æ„ï¼šè¿™é‡Œspeedå®šä¹‰ä¸ºfloatï¼Œä½†æ˜¯é¥æŽ§å™¨è¿”å›žçš„æ˜¯int16_tï¼Œå¯èƒ½éœ€è¦è¿›è¡Œç
 148:Core/Src/main.c ****     /* USER CODE END WHILE */
 149:Core/Src/main.c **** 
 150:Core/Src/main.c ****     /* USER CODE BEGIN 3 */
 151:Core/Src/main.c ****     uint8_t data = 0x10 ; // ä¾‹å¦‚ï¼Œä½ æƒ³å‘é€è¿™å››ä¸ªå­—èŠ‚
 152:Core/Src/main.c ****     HAL_UART_Transmit_IT(&huart1,&data,4); //å‘é€é¥æŽ§å™¨æ•°æ®åˆ°ç”µè„‘
 153:Core/Src/main.c ****     
 154:Core/Src/main.c **** 
 155:Core/Src/main.c ****     MI_motor_SpeedControl(&MI_Motor_ID1,speed,1);
 156:Core/Src/main.c ****     MI_motor_SpeedControl(&MI_Motor_ID2,DT7_pram->rc.ch[3]/33,1);
 157:Core/Src/main.c ****     //HAL_Delay(1000);
 158:Core/Src/main.c **** 
 159:Core/Src/main.c **** 
 160:Core/Src/main.c ****   }
 161:Core/Src/main.c ****   /* USER CODE END 3 */
 162:Core/Src/main.c **** }
 163:Core/Src/main.c **** 
 164:Core/Src/main.c **** /**
 165:Core/Src/main.c ****   * @brief System Clock Configuration
 166:Core/Src/main.c ****   * @retval None
 167:Core/Src/main.c ****   */
 168:Core/Src/main.c **** void SystemClock_Config(void)
 169:Core/Src/main.c **** {
 170:Core/Src/main.c ****   RCC_OscInitTypeDef RCC_OscInitStruct = {0};
 171:Core/Src/main.c ****   RCC_ClkInitTypeDef RCC_ClkInitStruct = {0};
 172:Core/Src/main.c **** 
 173:Core/Src/main.c ****   /** Configure the main internal regulator output voltage
 174:Core/Src/main.c ****   */
 175:Core/Src/main.c ****   __HAL_RCC_PWR_CLK_ENABLE();
 176:Core/Src/main.c ****   __HAL_PWR_VOLTAGESCALING_CONFIG(PWR_REGULATOR_VOLTAGE_SCALE1);
 177:Core/Src/main.c **** 
 178:Core/Src/main.c ****   /** Initializes the RCC Oscillators according to the specified parameters
 179:Core/Src/main.c ****   * in the RCC_OscInitTypeDef structure.
 180:Core/Src/main.c ****   */
 181:Core/Src/main.c ****   RCC_OscInitStruct.OscillatorType = RCC_OSCILLATORTYPE_HSE;
 182:Core/Src/main.c ****   RCC_OscInitStruct.HSEState = RCC_HSE_ON;
 183:Core/Src/main.c ****   RCC_OscInitStruct.PLL.PLLState = RCC_PLL_ON;
 184:Core/Src/main.c ****   RCC_OscInitStruct.PLL.PLLSource = RCC_PLLSOURCE_HSE;
 185:Core/Src/main.c ****   RCC_OscInitStruct.PLL.PLLM = 6;
 186:Core/Src/main.c ****   RCC_OscInitStruct.PLL.PLLN = 168;
 187:Core/Src/main.c ****   RCC_OscInitStruct.PLL.PLLP = RCC_PLLP_DIV2;
 188:Core/Src/main.c ****   RCC_OscInitStruct.PLL.PLLQ = 4;
 189:Core/Src/main.c ****   if (HAL_RCC_OscConfig(&RCC_OscInitStruct) != HAL_OK)
 190:Core/Src/main.c ****   {
 191:Core/Src/main.c ****     Error_Handler();
 192:Core/Src/main.c ****   }
 193:Core/Src/main.c **** 
 194:Core/Src/main.c ****   /** Initializes the CPU, AHB and APB buses clocks
 195:Core/Src/main.c ****   */
 196:Core/Src/main.c ****   RCC_ClkInitStruct.ClockType = RCC_CLOCKTYPE_HCLK|RCC_CLOCKTYPE_SYSCLK
 197:Core/Src/main.c ****                               |RCC_CLOCKTYPE_PCLK1|RCC_CLOCKTYPE_PCLK2;
 198:Core/Src/main.c ****   RCC_ClkInitStruct.SYSCLKSource = RCC_SYSCLKSOURCE_PLLCLK;
 199:Core/Src/main.c ****   RCC_ClkInitStruct.AHBCLKDivider = RCC_SYSCLK_DIV1;
 200:Core/Src/main.c ****   RCC_ClkInitStruct.APB1CLKDivider = RCC_HCLK_DIV4;
 201:Core/Src/main.c ****   RCC_ClkInitStruct.APB2CLKDivider = RCC_HCLK_DIV2;
ARM GAS  C:\Users\12990\AppData\Local\Temp\cckm0Ltp.s 			page 5


 202:Core/Src/main.c **** 
 203:Core/Src/main.c ****   if (HAL_RCC_ClockConfig(&RCC_ClkInitStruct, FLASH_LATENCY_5) != HAL_OK)
 204:Core/Src/main.c ****   {
 205:Core/Src/main.c ****     Error_Handler();
 206:Core/Src/main.c ****   }
 207:Core/Src/main.c **** }
 208:Core/Src/main.c **** 
 209:Core/Src/main.c **** /* USER CODE BEGIN 4 */
 210:Core/Src/main.c **** 
 211:Core/Src/main.c **** /* USER CODE END 4 */
 212:Core/Src/main.c **** 
 213:Core/Src/main.c **** /**
 214:Core/Src/main.c ****   * @brief  This function is executed in case of error occurrence.
 215:Core/Src/main.c ****   * @retval None
 216:Core/Src/main.c ****   */
 217:Core/Src/main.c **** void Error_Handler(void)
 218:Core/Src/main.c **** {
  29              		.loc 1 218 1 view -0
  30              		.cfi_startproc
  31              		@ Volatile: function does not return.
  32              		@ args = 0, pretend = 0, frame = 0
  33              		@ frame_needed = 0, uses_anonymous_args = 0
  34              		@ link register save eliminated.
 219:Core/Src/main.c ****   /* USER CODE BEGIN Error_Handler_Debug */
 220:Core/Src/main.c ****   /* User can add his own implementation to report the HAL error return state */
 221:Core/Src/main.c ****   __disable_irq();
  35              		.loc 1 221 3 view .LVU1
  36              	.LBB4:
  37              	.LBI4:
  38              		.file 2 "Drivers/CMSIS/Include/cmsis_gcc.h"
   1:Drivers/CMSIS/Include/cmsis_gcc.h **** /**************************************************************************//**
   2:Drivers/CMSIS/Include/cmsis_gcc.h ****  * @file     cmsis_gcc.h
   3:Drivers/CMSIS/Include/cmsis_gcc.h ****  * @brief    CMSIS compiler GCC header file
   4:Drivers/CMSIS/Include/cmsis_gcc.h ****  * @version  V5.0.4
   5:Drivers/CMSIS/Include/cmsis_gcc.h ****  * @date     09. April 2018
   6:Drivers/CMSIS/Include/cmsis_gcc.h ****  ******************************************************************************/
   7:Drivers/CMSIS/Include/cmsis_gcc.h **** /*
   8:Drivers/CMSIS/Include/cmsis_gcc.h ****  * Copyright (c) 2009-2018 Arm Limited. All rights reserved.
   9:Drivers/CMSIS/Include/cmsis_gcc.h ****  *
  10:Drivers/CMSIS/Include/cmsis_gcc.h ****  * SPDX-License-Identifier: Apache-2.0
  11:Drivers/CMSIS/Include/cmsis_gcc.h ****  *
  12:Drivers/CMSIS/Include/cmsis_gcc.h ****  * Licensed under the Apache License, Version 2.0 (the License); you may
  13:Drivers/CMSIS/Include/cmsis_gcc.h ****  * not use this file except in compliance with the License.
  14:Drivers/CMSIS/Include/cmsis_gcc.h ****  * You may obtain a copy of the License at
  15:Drivers/CMSIS/Include/cmsis_gcc.h ****  *
  16:Drivers/CMSIS/Include/cmsis_gcc.h ****  * www.apache.org/licenses/LICENSE-2.0
  17:Drivers/CMSIS/Include/cmsis_gcc.h ****  *
  18:Drivers/CMSIS/Include/cmsis_gcc.h ****  * Unless required by applicable law or agreed to in writing, software
  19:Drivers/CMSIS/Include/cmsis_gcc.h ****  * distributed under the License is distributed on an AS IS BASIS, WITHOUT
  20:Drivers/CMSIS/Include/cmsis_gcc.h ****  * WARRANTIES OR CONDITIONS OF ANY KIND, either express or implied.
  21:Drivers/CMSIS/Include/cmsis_gcc.h ****  * See the License for the specific language governing permissions and
  22:Drivers/CMSIS/Include/cmsis_gcc.h ****  * limitations under the License.
  23:Drivers/CMSIS/Include/cmsis_gcc.h ****  */
  24:Drivers/CMSIS/Include/cmsis_gcc.h **** 
  25:Drivers/CMSIS/Include/cmsis_gcc.h **** #ifndef __CMSIS_GCC_H
  26:Drivers/CMSIS/Include/cmsis_gcc.h **** #define __CMSIS_GCC_H
  27:Drivers/CMSIS/Include/cmsis_gcc.h **** 
ARM GAS  C:\Users\12990\AppData\Local\Temp\cckm0Ltp.s 			page 6


  28:Drivers/CMSIS/Include/cmsis_gcc.h **** /* ignore some GCC warnings */
  29:Drivers/CMSIS/Include/cmsis_gcc.h **** #pragma GCC diagnostic push
  30:Drivers/CMSIS/Include/cmsis_gcc.h **** #pragma GCC diagnostic ignored "-Wsign-conversion"
  31:Drivers/CMSIS/Include/cmsis_gcc.h **** #pragma GCC diagnostic ignored "-Wconversion"
  32:Drivers/CMSIS/Include/cmsis_gcc.h **** #pragma GCC diagnostic ignored "-Wunused-parameter"
  33:Drivers/CMSIS/Include/cmsis_gcc.h **** 
  34:Drivers/CMSIS/Include/cmsis_gcc.h **** /* Fallback for __has_builtin */
  35:Drivers/CMSIS/Include/cmsis_gcc.h **** #ifndef __has_builtin
  36:Drivers/CMSIS/Include/cmsis_gcc.h ****   #define __has_builtin(x) (0)
  37:Drivers/CMSIS/Include/cmsis_gcc.h **** #endif
  38:Drivers/CMSIS/Include/cmsis_gcc.h **** 
  39:Drivers/CMSIS/Include/cmsis_gcc.h **** /* CMSIS compiler specific defines */
  40:Drivers/CMSIS/Include/cmsis_gcc.h **** #ifndef   __ASM
  41:Drivers/CMSIS/Include/cmsis_gcc.h ****   #define __ASM                                  __asm
  42:Drivers/CMSIS/Include/cmsis_gcc.h **** #endif
  43:Drivers/CMSIS/Include/cmsis_gcc.h **** #ifndef   __INLINE
  44:Drivers/CMSIS/Include/cmsis_gcc.h ****   #define __INLINE                               inline
  45:Drivers/CMSIS/Include/cmsis_gcc.h **** #endif
  46:Drivers/CMSIS/Include/cmsis_gcc.h **** #ifndef   __STATIC_INLINE
  47:Drivers/CMSIS/Include/cmsis_gcc.h ****   #define __STATIC_INLINE                        static inline
  48:Drivers/CMSIS/Include/cmsis_gcc.h **** #endif
  49:Drivers/CMSIS/Include/cmsis_gcc.h **** #ifndef   __STATIC_FORCEINLINE                 
  50:Drivers/CMSIS/Include/cmsis_gcc.h ****   #define __STATIC_FORCEINLINE                   __attribute__((always_inline)) static inline
  51:Drivers/CMSIS/Include/cmsis_gcc.h **** #endif                                           
  52:Drivers/CMSIS/Include/cmsis_gcc.h **** #ifndef   __NO_RETURN
  53:Drivers/CMSIS/Include/cmsis_gcc.h ****   #define __NO_RETURN                            __attribute__((__noreturn__))
  54:Drivers/CMSIS/Include/cmsis_gcc.h **** #endif
  55:Drivers/CMSIS/Include/cmsis_gcc.h **** #ifndef   __USED
  56:Drivers/CMSIS/Include/cmsis_gcc.h ****   #define __USED                                 __attribute__((used))
  57:Drivers/CMSIS/Include/cmsis_gcc.h **** #endif
  58:Drivers/CMSIS/Include/cmsis_gcc.h **** #ifndef   __WEAK
  59:Drivers/CMSIS/Include/cmsis_gcc.h ****   #define __WEAK                                 __attribute__((weak))
  60:Drivers/CMSIS/Include/cmsis_gcc.h **** #endif
  61:Drivers/CMSIS/Include/cmsis_gcc.h **** #ifndef   __PACKED
  62:Drivers/CMSIS/Include/cmsis_gcc.h ****   #define __PACKED                               __attribute__((packed, aligned(1)))
  63:Drivers/CMSIS/Include/cmsis_gcc.h **** #endif
  64:Drivers/CMSIS/Include/cmsis_gcc.h **** #ifndef   __PACKED_STRUCT
  65:Drivers/CMSIS/Include/cmsis_gcc.h ****   #define __PACKED_STRUCT                        struct __attribute__((packed, aligned(1)))
  66:Drivers/CMSIS/Include/cmsis_gcc.h **** #endif
  67:Drivers/CMSIS/Include/cmsis_gcc.h **** #ifndef   __PACKED_UNION
  68:Drivers/CMSIS/Include/cmsis_gcc.h ****   #define __PACKED_UNION                         union __attribute__((packed, aligned(1)))
  69:Drivers/CMSIS/Include/cmsis_gcc.h **** #endif
  70:Drivers/CMSIS/Include/cmsis_gcc.h **** #ifndef   __UNALIGNED_UINT32        /* deprecated */
  71:Drivers/CMSIS/Include/cmsis_gcc.h ****   #pragma GCC diagnostic push
  72:Drivers/CMSIS/Include/cmsis_gcc.h ****   #pragma GCC diagnostic ignored "-Wpacked"
  73:Drivers/CMSIS/Include/cmsis_gcc.h ****   #pragma GCC diagnostic ignored "-Wattributes"
  74:Drivers/CMSIS/Include/cmsis_gcc.h ****   struct __attribute__((packed)) T_UINT32 { uint32_t v; };
  75:Drivers/CMSIS/Include/cmsis_gcc.h ****   #pragma GCC diagnostic pop
  76:Drivers/CMSIS/Include/cmsis_gcc.h ****   #define __UNALIGNED_UINT32(x)                  (((struct T_UINT32 *)(x))->v)
  77:Drivers/CMSIS/Include/cmsis_gcc.h **** #endif
  78:Drivers/CMSIS/Include/cmsis_gcc.h **** #ifndef   __UNALIGNED_UINT16_WRITE
  79:Drivers/CMSIS/Include/cmsis_gcc.h ****   #pragma GCC diagnostic push
  80:Drivers/CMSIS/Include/cmsis_gcc.h ****   #pragma GCC diagnostic ignored "-Wpacked"
  81:Drivers/CMSIS/Include/cmsis_gcc.h ****   #pragma GCC diagnostic ignored "-Wattributes"
  82:Drivers/CMSIS/Include/cmsis_gcc.h ****   __PACKED_STRUCT T_UINT16_WRITE { uint16_t v; };
  83:Drivers/CMSIS/Include/cmsis_gcc.h ****   #pragma GCC diagnostic pop
  84:Drivers/CMSIS/Include/cmsis_gcc.h ****   #define __UNALIGNED_UINT16_WRITE(addr, val)    (void)((((struct T_UINT16_WRITE *)(void *)(addr))-
ARM GAS  C:\Users\12990\AppData\Local\Temp\cckm0Ltp.s 			page 7


  85:Drivers/CMSIS/Include/cmsis_gcc.h **** #endif
  86:Drivers/CMSIS/Include/cmsis_gcc.h **** #ifndef   __UNALIGNED_UINT16_READ
  87:Drivers/CMSIS/Include/cmsis_gcc.h ****   #pragma GCC diagnostic push
  88:Drivers/CMSIS/Include/cmsis_gcc.h ****   #pragma GCC diagnostic ignored "-Wpacked"
  89:Drivers/CMSIS/Include/cmsis_gcc.h ****   #pragma GCC diagnostic ignored "-Wattributes"
  90:Drivers/CMSIS/Include/cmsis_gcc.h ****   __PACKED_STRUCT T_UINT16_READ { uint16_t v; };
  91:Drivers/CMSIS/Include/cmsis_gcc.h ****   #pragma GCC diagnostic pop
  92:Drivers/CMSIS/Include/cmsis_gcc.h ****   #define __UNALIGNED_UINT16_READ(addr)          (((const struct T_UINT16_READ *)(const void *)(add
  93:Drivers/CMSIS/Include/cmsis_gcc.h **** #endif
  94:Drivers/CMSIS/Include/cmsis_gcc.h **** #ifndef   __UNALIGNED_UINT32_WRITE
  95:Drivers/CMSIS/Include/cmsis_gcc.h ****   #pragma GCC diagnostic push
  96:Drivers/CMSIS/Include/cmsis_gcc.h ****   #pragma GCC diagnostic ignored "-Wpacked"
  97:Drivers/CMSIS/Include/cmsis_gcc.h ****   #pragma GCC diagnostic ignored "-Wattributes"
  98:Drivers/CMSIS/Include/cmsis_gcc.h ****   __PACKED_STRUCT T_UINT32_WRITE { uint32_t v; };
  99:Drivers/CMSIS/Include/cmsis_gcc.h ****   #pragma GCC diagnostic pop
 100:Drivers/CMSIS/Include/cmsis_gcc.h ****   #define __UNALIGNED_UINT32_WRITE(addr, val)    (void)((((struct T_UINT32_WRITE *)(void *)(addr))-
 101:Drivers/CMSIS/Include/cmsis_gcc.h **** #endif
 102:Drivers/CMSIS/Include/cmsis_gcc.h **** #ifndef   __UNALIGNED_UINT32_READ
 103:Drivers/CMSIS/Include/cmsis_gcc.h ****   #pragma GCC diagnostic push
 104:Drivers/CMSIS/Include/cmsis_gcc.h ****   #pragma GCC diagnostic ignored "-Wpacked"
 105:Drivers/CMSIS/Include/cmsis_gcc.h ****   #pragma GCC diagnostic ignored "-Wattributes"
 106:Drivers/CMSIS/Include/cmsis_gcc.h ****   __PACKED_STRUCT T_UINT32_READ { uint32_t v; };
 107:Drivers/CMSIS/Include/cmsis_gcc.h ****   #pragma GCC diagnostic pop
 108:Drivers/CMSIS/Include/cmsis_gcc.h ****   #define __UNALIGNED_UINT32_READ(addr)          (((const struct T_UINT32_READ *)(const void *)(add
 109:Drivers/CMSIS/Include/cmsis_gcc.h **** #endif
 110:Drivers/CMSIS/Include/cmsis_gcc.h **** #ifndef   __ALIGNED
 111:Drivers/CMSIS/Include/cmsis_gcc.h ****   #define __ALIGNED(x)                           __attribute__((aligned(x)))
 112:Drivers/CMSIS/Include/cmsis_gcc.h **** #endif
 113:Drivers/CMSIS/Include/cmsis_gcc.h **** #ifndef   __RESTRICT
 114:Drivers/CMSIS/Include/cmsis_gcc.h ****   #define __RESTRICT                             __restrict
 115:Drivers/CMSIS/Include/cmsis_gcc.h **** #endif
 116:Drivers/CMSIS/Include/cmsis_gcc.h **** 
 117:Drivers/CMSIS/Include/cmsis_gcc.h **** 
 118:Drivers/CMSIS/Include/cmsis_gcc.h **** /* ###########################  Core Function Access  ########################### */
 119:Drivers/CMSIS/Include/cmsis_gcc.h **** /** \ingroup  CMSIS_Core_FunctionInterface
 120:Drivers/CMSIS/Include/cmsis_gcc.h ****     \defgroup CMSIS_Core_RegAccFunctions CMSIS Core Register Access Functions
 121:Drivers/CMSIS/Include/cmsis_gcc.h ****   @{
 122:Drivers/CMSIS/Include/cmsis_gcc.h ****  */
 123:Drivers/CMSIS/Include/cmsis_gcc.h **** 
 124:Drivers/CMSIS/Include/cmsis_gcc.h **** /**
 125:Drivers/CMSIS/Include/cmsis_gcc.h ****   \brief   Enable IRQ Interrupts
 126:Drivers/CMSIS/Include/cmsis_gcc.h ****   \details Enables IRQ interrupts by clearing the I-bit in the CPSR.
 127:Drivers/CMSIS/Include/cmsis_gcc.h ****            Can only be executed in Privileged modes.
 128:Drivers/CMSIS/Include/cmsis_gcc.h ****  */
 129:Drivers/CMSIS/Include/cmsis_gcc.h **** __STATIC_FORCEINLINE void __enable_irq(void)
 130:Drivers/CMSIS/Include/cmsis_gcc.h **** {
 131:Drivers/CMSIS/Include/cmsis_gcc.h ****   __ASM volatile ("cpsie i" : : : "memory");
 132:Drivers/CMSIS/Include/cmsis_gcc.h **** }
 133:Drivers/CMSIS/Include/cmsis_gcc.h **** 
 134:Drivers/CMSIS/Include/cmsis_gcc.h **** 
 135:Drivers/CMSIS/Include/cmsis_gcc.h **** /**
 136:Drivers/CMSIS/Include/cmsis_gcc.h ****   \brief   Disable IRQ Interrupts
 137:Drivers/CMSIS/Include/cmsis_gcc.h ****   \details Disables IRQ interrupts by setting the I-bit in the CPSR.
 138:Drivers/CMSIS/Include/cmsis_gcc.h ****            Can only be executed in Privileged modes.
 139:Drivers/CMSIS/Include/cmsis_gcc.h ****  */
 140:Drivers/CMSIS/Include/cmsis_gcc.h **** __STATIC_FORCEINLINE void __disable_irq(void)
  39              		.loc 2 140 27 view .LVU2
ARM GAS  C:\Users\12990\AppData\Local\Temp\cckm0Ltp.s 			page 8


  40              	.LBB5:
 141:Drivers/CMSIS/Include/cmsis_gcc.h **** {
 142:Drivers/CMSIS/Include/cmsis_gcc.h ****   __ASM volatile ("cpsid i" : : : "memory");
  41              		.loc 2 142 3 view .LVU3
  42              		.syntax unified
  43              	@ 142 "Drivers/CMSIS/Include/cmsis_gcc.h" 1
  44 0000 72B6     		cpsid i
  45              	@ 0 "" 2
  46              		.thumb
  47              		.syntax unified
  48              	.L2:
  49              	.LBE5:
  50              	.LBE4:
 222:Core/Src/main.c ****   while (1)
  51              		.loc 1 222 3 discriminator 1 view .LVU4
 223:Core/Src/main.c ****   {
 224:Core/Src/main.c ****   }
  52              		.loc 1 224 3 discriminator 1 view .LVU5
 222:Core/Src/main.c ****   while (1)
  53              		.loc 1 222 9 discriminator 1 view .LVU6
  54 0002 FEE7     		b	.L2
  55              		.cfi_endproc
  56              	.LFE132:
  58              		.section	.text.SystemClock_Config,"ax",%progbits
  59              		.align	1
  60              		.global	SystemClock_Config
  61              		.syntax unified
  62              		.thumb
  63              		.thumb_func
  65              	SystemClock_Config:
  66              	.LFB131:
 169:Core/Src/main.c ****   RCC_OscInitTypeDef RCC_OscInitStruct = {0};
  67              		.loc 1 169 1 view -0
  68              		.cfi_startproc
  69              		@ args = 0, pretend = 0, frame = 80
  70              		@ frame_needed = 0, uses_anonymous_args = 0
  71 0000 00B5     		push	{lr}
  72              	.LCFI0:
  73              		.cfi_def_cfa_offset 4
  74              		.cfi_offset 14, -4
  75 0002 95B0     		sub	sp, sp, #84
  76              	.LCFI1:
  77              		.cfi_def_cfa_offset 88
 170:Core/Src/main.c ****   RCC_ClkInitTypeDef RCC_ClkInitStruct = {0};
  78              		.loc 1 170 3 view .LVU8
 170:Core/Src/main.c ****   RCC_ClkInitTypeDef RCC_ClkInitStruct = {0};
  79              		.loc 1 170 22 is_stmt 0 view .LVU9
  80 0004 3022     		movs	r2, #48
  81 0006 0021     		movs	r1, #0
  82 0008 08A8     		add	r0, sp, #32
  83 000a FFF7FEFF 		bl	memset
  84              	.LVL0:
 171:Core/Src/main.c **** 
  85              		.loc 1 171 3 is_stmt 1 view .LVU10
 171:Core/Src/main.c **** 
  86              		.loc 1 171 22 is_stmt 0 view .LVU11
  87 000e 0023     		movs	r3, #0
ARM GAS  C:\Users\12990\AppData\Local\Temp\cckm0Ltp.s 			page 9


  88 0010 0393     		str	r3, [sp, #12]
  89 0012 0493     		str	r3, [sp, #16]
  90 0014 0593     		str	r3, [sp, #20]
  91 0016 0693     		str	r3, [sp, #24]
  92 0018 0793     		str	r3, [sp, #28]
 175:Core/Src/main.c ****   __HAL_PWR_VOLTAGESCALING_CONFIG(PWR_REGULATOR_VOLTAGE_SCALE1);
  93              		.loc 1 175 3 is_stmt 1 view .LVU12
  94              	.LBB6:
 175:Core/Src/main.c ****   __HAL_PWR_VOLTAGESCALING_CONFIG(PWR_REGULATOR_VOLTAGE_SCALE1);
  95              		.loc 1 175 3 view .LVU13
  96 001a 0193     		str	r3, [sp, #4]
 175:Core/Src/main.c ****   __HAL_PWR_VOLTAGESCALING_CONFIG(PWR_REGULATOR_VOLTAGE_SCALE1);
  97              		.loc 1 175 3 view .LVU14
  98 001c 204A     		ldr	r2, .L9
  99 001e 116C     		ldr	r1, [r2, #64]
 100 0020 41F08051 		orr	r1, r1, #268435456
 101 0024 1164     		str	r1, [r2, #64]
 175:Core/Src/main.c ****   __HAL_PWR_VOLTAGESCALING_CONFIG(PWR_REGULATOR_VOLTAGE_SCALE1);
 102              		.loc 1 175 3 view .LVU15
 103 0026 126C     		ldr	r2, [r2, #64]
 104 0028 02F08052 		and	r2, r2, #268435456
 105 002c 0192     		str	r2, [sp, #4]
 175:Core/Src/main.c ****   __HAL_PWR_VOLTAGESCALING_CONFIG(PWR_REGULATOR_VOLTAGE_SCALE1);
 106              		.loc 1 175 3 view .LVU16
 107 002e 019A     		ldr	r2, [sp, #4]
 108              	.LBE6:
 175:Core/Src/main.c ****   __HAL_PWR_VOLTAGESCALING_CONFIG(PWR_REGULATOR_VOLTAGE_SCALE1);
 109              		.loc 1 175 3 view .LVU17
 176:Core/Src/main.c **** 
 110              		.loc 1 176 3 view .LVU18
 111              	.LBB7:
 176:Core/Src/main.c **** 
 112              		.loc 1 176 3 view .LVU19
 113 0030 0293     		str	r3, [sp, #8]
 176:Core/Src/main.c **** 
 114              		.loc 1 176 3 view .LVU20
 115 0032 1C4B     		ldr	r3, .L9+4
 116 0034 1A68     		ldr	r2, [r3]
 117 0036 42F48042 		orr	r2, r2, #16384
 118 003a 1A60     		str	r2, [r3]
 176:Core/Src/main.c **** 
 119              		.loc 1 176 3 view .LVU21
 120 003c 1B68     		ldr	r3, [r3]
 121 003e 03F48043 		and	r3, r3, #16384
 122 0042 0293     		str	r3, [sp, #8]
 176:Core/Src/main.c **** 
 123              		.loc 1 176 3 view .LVU22
 124 0044 029B     		ldr	r3, [sp, #8]
 125              	.LBE7:
 176:Core/Src/main.c **** 
 126              		.loc 1 176 3 view .LVU23
 181:Core/Src/main.c ****   RCC_OscInitStruct.HSEState = RCC_HSE_ON;
 127              		.loc 1 181 3 view .LVU24
 181:Core/Src/main.c ****   RCC_OscInitStruct.HSEState = RCC_HSE_ON;
 128              		.loc 1 181 36 is_stmt 0 view .LVU25
 129 0046 0123     		movs	r3, #1
 130 0048 0893     		str	r3, [sp, #32]
ARM GAS  C:\Users\12990\AppData\Local\Temp\cckm0Ltp.s 			page 10


 182:Core/Src/main.c ****   RCC_OscInitStruct.PLL.PLLState = RCC_PLL_ON;
 131              		.loc 1 182 3 is_stmt 1 view .LVU26
 182:Core/Src/main.c ****   RCC_OscInitStruct.PLL.PLLState = RCC_PLL_ON;
 132              		.loc 1 182 30 is_stmt 0 view .LVU27
 133 004a 4FF48033 		mov	r3, #65536
 134 004e 0993     		str	r3, [sp, #36]
 183:Core/Src/main.c ****   RCC_OscInitStruct.PLL.PLLSource = RCC_PLLSOURCE_HSE;
 135              		.loc 1 183 3 is_stmt 1 view .LVU28
 183:Core/Src/main.c ****   RCC_OscInitStruct.PLL.PLLSource = RCC_PLLSOURCE_HSE;
 136              		.loc 1 183 34 is_stmt 0 view .LVU29
 137 0050 0223     		movs	r3, #2
 138 0052 0E93     		str	r3, [sp, #56]
 184:Core/Src/main.c ****   RCC_OscInitStruct.PLL.PLLM = 6;
 139              		.loc 1 184 3 is_stmt 1 view .LVU30
 184:Core/Src/main.c ****   RCC_OscInitStruct.PLL.PLLM = 6;
 140              		.loc 1 184 35 is_stmt 0 view .LVU31
 141 0054 4FF48002 		mov	r2, #4194304
 142 0058 0F92     		str	r2, [sp, #60]
 185:Core/Src/main.c ****   RCC_OscInitStruct.PLL.PLLN = 168;
 143              		.loc 1 185 3 is_stmt 1 view .LVU32
 185:Core/Src/main.c ****   RCC_OscInitStruct.PLL.PLLN = 168;
 144              		.loc 1 185 30 is_stmt 0 view .LVU33
 145 005a 0622     		movs	r2, #6
 146 005c 1092     		str	r2, [sp, #64]
 186:Core/Src/main.c ****   RCC_OscInitStruct.PLL.PLLP = RCC_PLLP_DIV2;
 147              		.loc 1 186 3 is_stmt 1 view .LVU34
 186:Core/Src/main.c ****   RCC_OscInitStruct.PLL.PLLP = RCC_PLLP_DIV2;
 148              		.loc 1 186 30 is_stmt 0 view .LVU35
 149 005e A822     		movs	r2, #168
 150 0060 1192     		str	r2, [sp, #68]
 187:Core/Src/main.c ****   RCC_OscInitStruct.PLL.PLLQ = 4;
 151              		.loc 1 187 3 is_stmt 1 view .LVU36
 187:Core/Src/main.c ****   RCC_OscInitStruct.PLL.PLLQ = 4;
 152              		.loc 1 187 30 is_stmt 0 view .LVU37
 153 0062 1293     		str	r3, [sp, #72]
 188:Core/Src/main.c ****   if (HAL_RCC_OscConfig(&RCC_OscInitStruct) != HAL_OK)
 154              		.loc 1 188 3 is_stmt 1 view .LVU38
 188:Core/Src/main.c ****   if (HAL_RCC_OscConfig(&RCC_OscInitStruct) != HAL_OK)
 155              		.loc 1 188 30 is_stmt 0 view .LVU39
 156 0064 0423     		movs	r3, #4
 157 0066 1393     		str	r3, [sp, #76]
 189:Core/Src/main.c ****   {
 158              		.loc 1 189 3 is_stmt 1 view .LVU40
 189:Core/Src/main.c ****   {
 159              		.loc 1 189 7 is_stmt 0 view .LVU41
 160 0068 08A8     		add	r0, sp, #32
 161 006a FFF7FEFF 		bl	HAL_RCC_OscConfig
 162              	.LVL1:
 189:Core/Src/main.c ****   {
 163              		.loc 1 189 6 view .LVU42
 164 006e 98B9     		cbnz	r0, .L7
 196:Core/Src/main.c ****                               |RCC_CLOCKTYPE_PCLK1|RCC_CLOCKTYPE_PCLK2;
 165              		.loc 1 196 3 is_stmt 1 view .LVU43
 196:Core/Src/main.c ****                               |RCC_CLOCKTYPE_PCLK1|RCC_CLOCKTYPE_PCLK2;
 166              		.loc 1 196 31 is_stmt 0 view .LVU44
 167 0070 0F23     		movs	r3, #15
 168 0072 0393     		str	r3, [sp, #12]
ARM GAS  C:\Users\12990\AppData\Local\Temp\cckm0Ltp.s 			page 11


 198:Core/Src/main.c ****   RCC_ClkInitStruct.AHBCLKDivider = RCC_SYSCLK_DIV1;
 169              		.loc 1 198 3 is_stmt 1 view .LVU45
 198:Core/Src/main.c ****   RCC_ClkInitStruct.AHBCLKDivider = RCC_SYSCLK_DIV1;
 170              		.loc 1 198 34 is_stmt 0 view .LVU46
 171 0074 0223     		movs	r3, #2
 172 0076 0493     		str	r3, [sp, #16]
 199:Core/Src/main.c ****   RCC_ClkInitStruct.APB1CLKDivider = RCC_HCLK_DIV4;
 173              		.loc 1 199 3 is_stmt 1 view .LVU47
 199:Core/Src/main.c ****   RCC_ClkInitStruct.APB1CLKDivider = RCC_HCLK_DIV4;
 174              		.loc 1 199 35 is_stmt 0 view .LVU48
 175 0078 0023     		movs	r3, #0
 176 007a 0593     		str	r3, [sp, #20]
 200:Core/Src/main.c ****   RCC_ClkInitStruct.APB2CLKDivider = RCC_HCLK_DIV2;
 177              		.loc 1 200 3 is_stmt 1 view .LVU49
 200:Core/Src/main.c ****   RCC_ClkInitStruct.APB2CLKDivider = RCC_HCLK_DIV2;
 178              		.loc 1 200 36 is_stmt 0 view .LVU50
 179 007c 4FF4A053 		mov	r3, #5120
 180 0080 0693     		str	r3, [sp, #24]
 201:Core/Src/main.c **** 
 181              		.loc 1 201 3 is_stmt 1 view .LVU51
 201:Core/Src/main.c **** 
 182              		.loc 1 201 36 is_stmt 0 view .LVU52
 183 0082 4FF48053 		mov	r3, #4096
 184 0086 0793     		str	r3, [sp, #28]
 203:Core/Src/main.c ****   {
 185              		.loc 1 203 3 is_stmt 1 view .LVU53
 203:Core/Src/main.c ****   {
 186              		.loc 1 203 7 is_stmt 0 view .LVU54
 187 0088 0521     		movs	r1, #5
 188 008a 03A8     		add	r0, sp, #12
 189 008c FFF7FEFF 		bl	HAL_RCC_ClockConfig
 190              	.LVL2:
 203:Core/Src/main.c ****   {
 191              		.loc 1 203 6 view .LVU55
 192 0090 20B9     		cbnz	r0, .L8
 207:Core/Src/main.c **** 
 193              		.loc 1 207 1 view .LVU56
 194 0092 15B0     		add	sp, sp, #84
 195              	.LCFI2:
 196              		.cfi_remember_state
 197              		.cfi_def_cfa_offset 4
 198              		@ sp needed
 199 0094 5DF804FB 		ldr	pc, [sp], #4
 200              	.L7:
 201              	.LCFI3:
 202              		.cfi_restore_state
 191:Core/Src/main.c ****   }
 203              		.loc 1 191 5 is_stmt 1 view .LVU57
 204 0098 FFF7FEFF 		bl	Error_Handler
 205              	.LVL3:
 206              	.L8:
 205:Core/Src/main.c ****   }
 207              		.loc 1 205 5 view .LVU58
 208 009c FFF7FEFF 		bl	Error_Handler
 209              	.LVL4:
 210              	.L10:
 211              		.align	2
ARM GAS  C:\Users\12990\AppData\Local\Temp\cckm0Ltp.s 			page 12


 212              	.L9:
 213 00a0 00380240 		.word	1073887232
 214 00a4 00700040 		.word	1073770496
 215              		.cfi_endproc
 216              	.LFE131:
 218              		.section	.rodata.main.str1.4,"aMS",%progbits,1
 219              		.align	2
 220              	.LC0:
 221 0000 2300     		.ascii	"#\000"
 222 0002 0000     		.align	2
 223              	.LC1:
 224 0004 43483020 		.ascii	"CH0 = \000"
 224      3D2000
 225 000b 00       		.align	2
 226              	.LC2:
 227 000c 43483120 		.ascii	"CH1 = \000"
 227      3D2000
 228 0013 00       		.align	2
 229              	.LC3:
 230 0014 43483220 		.ascii	"CH2 = \000"
 230      3D2000
 231 001b 00       		.align	2
 232              	.LC4:
 233 001c 43483320 		.ascii	"CH3 = \000"
 233      3D2000
 234              		.global	__aeabi_i2d
 235              		.global	__aeabi_ddiv
 236              		.global	__aeabi_d2f
 237              		.section	.text.main,"ax",%progbits
 238              		.align	1
 239              		.global	main
 240              		.syntax unified
 241              		.thumb
 242              		.thumb_func
 244              	main:
 245              	.LFB130:
  77:Core/Src/main.c ****   /* USER CODE BEGIN 1 */
 246              		.loc 1 77 1 view -0
 247              		.cfi_startproc
 248              		@ args = 0, pretend = 0, frame = 88
 249              		@ frame_needed = 0, uses_anonymous_args = 0
 250 0000 30B5     		push	{r4, r5, lr}
 251              	.LCFI4:
 252              		.cfi_def_cfa_offset 12
 253              		.cfi_offset 4, -12
 254              		.cfi_offset 5, -8
 255              		.cfi_offset 14, -4
 256 0002 2DED028B 		vpush.64	{d8}
 257              	.LCFI5:
 258              		.cfi_def_cfa_offset 20
 259              		.cfi_offset 80, -20
 260              		.cfi_offset 81, -16
 261 0006 97B0     		sub	sp, sp, #92
 262              	.LCFI6:
 263              		.cfi_def_cfa_offset 112
  85:Core/Src/main.c **** 
 264              		.loc 1 85 3 view .LVU60
ARM GAS  C:\Users\12990\AppData\Local\Temp\cckm0Ltp.s 			page 13


 265 0008 FFF7FEFF 		bl	HAL_Init
 266              	.LVL5:
  91:Core/Src/main.c **** 
 267              		.loc 1 91 3 view .LVU61
 268 000c FFF7FEFF 		bl	SystemClock_Config
 269              	.LVL6:
  98:Core/Src/main.c ****   MX_DMA_Init();
 270              		.loc 1 98 3 view .LVU62
 271 0010 FFF7FEFF 		bl	MX_GPIO_Init
 272              	.LVL7:
  99:Core/Src/main.c ****   MX_CAN1_Init();
 273              		.loc 1 99 3 view .LVU63
 274 0014 FFF7FEFF 		bl	MX_DMA_Init
 275              	.LVL8:
 100:Core/Src/main.c ****   MX_USART1_UART_Init();
 276              		.loc 1 100 3 view .LVU64
 277 0018 FFF7FEFF 		bl	MX_CAN1_Init
 278              	.LVL9:
 101:Core/Src/main.c ****   MX_USART3_UART_Init();
 279              		.loc 1 101 3 view .LVU65
 280 001c FFF7FEFF 		bl	MX_USART1_UART_Init
 281              	.LVL10:
 102:Core/Src/main.c ****   MX_I2C2_Init();
 282              		.loc 1 102 3 view .LVU66
 283 0020 FFF7FEFF 		bl	MX_USART3_UART_Init
 284              	.LVL11:
 103:Core/Src/main.c ****   /* USER CODE BEGIN 2 */
 285              		.loc 1 103 3 view .LVU67
 286 0024 FFF7FEFF 		bl	MX_I2C2_Init
 287              	.LVL12:
 109:Core/Src/main.c ****   OLED_init();           // OLEDåˆå§‹åŒ–
 288              		.loc 1 109 3 view .LVU68
 110:Core/Src/main.c ****   OLED_clear();          OLED_printf(i/20,i%20,"#");  OLED_refresh_gram(); i++; // OLEDæ¸…å±
 289              		.loc 1 110 3 view .LVU69
 290 0028 FFF7FEFF 		bl	OLED_init
 291              	.LVL13:
 111:Core/Src/main.c ****   remote_control_init(); OLED_printf(i/20,i%20,"#");  OLED_refresh_gram(); i++; // é¥æŽ§å™¨åˆå§‹å
 292              		.loc 1 111 3 view .LVU70
 293 002c FFF7FEFF 		bl	OLED_clear
 294              	.LVL14:
 111:Core/Src/main.c ****   remote_control_init(); OLED_printf(i/20,i%20,"#");  OLED_refresh_gram(); i++; // é¥æŽ§å™¨åˆå§‹å
 295              		.loc 1 111 26 view .LVU71
 296 0030 544D     		ldr	r5, .L14
 297 0032 2A46     		mov	r2, r5
 298 0034 0021     		movs	r1, #0
 299 0036 0846     		mov	r0, r1
 300 0038 FFF7FEFF 		bl	OLED_printf
 301              	.LVL15:
 111:Core/Src/main.c ****   remote_control_init(); OLED_printf(i/20,i%20,"#");  OLED_refresh_gram(); i++; // é¥æŽ§å™¨åˆå§‹å
 302              		.loc 1 111 55 view .LVU72
 303 003c FFF7FEFF 		bl	OLED_refresh_gram
 304              	.LVL16:
 111:Core/Src/main.c ****   remote_control_init(); OLED_printf(i/20,i%20,"#");  OLED_refresh_gram(); i++; // é¥æŽ§å™¨åˆå§‹å
 305              		.loc 1 111 76 view .LVU73
 112:Core/Src/main.c ****   CAN_Init(&hcan1);      OLED_printf(i/20,i%20,"#");  OLED_refresh_gram(); i++; // åˆå§‹åŒ–CAN1
 306              		.loc 1 112 3 view .LVU74
 307 0040 FFF7FEFF 		bl	remote_control_init
ARM GAS  C:\Users\12990\AppData\Local\Temp\cckm0Ltp.s 			page 14


 308              	.LVL17:
 112:Core/Src/main.c ****   CAN_Init(&hcan1);      OLED_printf(i/20,i%20,"#");  OLED_refresh_gram(); i++; // åˆå§‹åŒ–CAN1
 309              		.loc 1 112 26 view .LVU75
 310 0044 2A46     		mov	r2, r5
 311 0046 0121     		movs	r1, #1
 312 0048 0020     		movs	r0, #0
 313 004a FFF7FEFF 		bl	OLED_printf
 314              	.LVL18:
 112:Core/Src/main.c ****   CAN_Init(&hcan1);      OLED_printf(i/20,i%20,"#");  OLED_refresh_gram(); i++; // åˆå§‹åŒ–CAN1
 315              		.loc 1 112 55 view .LVU76
 316 004e FFF7FEFF 		bl	OLED_refresh_gram
 317              	.LVL19:
 112:Core/Src/main.c ****   CAN_Init(&hcan1);      OLED_printf(i/20,i%20,"#");  OLED_refresh_gram(); i++; // åˆå§‹åŒ–CAN1
 318              		.loc 1 112 76 view .LVU77
 113:Core/Src/main.c **** 
 319              		.loc 1 113 3 view .LVU78
 320 0052 4D4C     		ldr	r4, .L14+4
 321 0054 2046     		mov	r0, r4
 322 0056 FFF7FEFF 		bl	CAN_Init
 323              	.LVL20:
 113:Core/Src/main.c **** 
 324              		.loc 1 113 26 view .LVU79
 325 005a 2A46     		mov	r2, r5
 326 005c 0221     		movs	r1, #2
 327 005e 0020     		movs	r0, #0
 328 0060 FFF7FEFF 		bl	OLED_printf
 329              	.LVL21:
 113:Core/Src/main.c **** 
 330              		.loc 1 113 55 view .LVU80
 331 0064 FFF7FEFF 		bl	OLED_refresh_gram
 332              	.LVL22:
 113:Core/Src/main.c **** 
 333              		.loc 1 113 76 view .LVU81
 115:Core/Src/main.c ****   MI_Motor_s MI_Motor_ID2;                  // å®šä¹‰å°ç±³ç”µæœºç»“æž„ä½“2
 334              		.loc 1 115 3 view .LVU82
 116:Core/Src/main.c ****   MI_motor_Init(&MI_Motor_ID1,&MI_CAN_1,1); // å°†MI_CAN_1ï¼Œ1ä¼ å…¥å°ç±³ç»“æž„ä½“ 
 335              		.loc 1 116 3 view .LVU83
 117:Core/Src/main.c ****   MI_motor_Init(&MI_Motor_ID2,&MI_CAN_1,2); // å°†MI_CAN_2ï¼Œ2ä¼ å…¥å°ç±³ç»“æž„ä½“ 
 336              		.loc 1 117 3 view .LVU84
 337 0068 0122     		movs	r2, #1
 338 006a 2146     		mov	r1, r4
 339 006c 0CA8     		add	r0, sp, #48
 340 006e FFF7FEFF 		bl	MI_motor_Init
 341              	.LVL23:
 118:Core/Src/main.c ****   MI_motor_Enable(&MI_Motor_ID1);           // é€šè¿‡å‘é€å°ç±³ç»“æž„ä½“ data=00000000 ç”µæœºä½¿è
 342              		.loc 1 118 3 view .LVU85
 343 0072 0222     		movs	r2, #2
 344 0074 2146     		mov	r1, r4
 345 0076 02A8     		add	r0, sp, #8
 346 0078 FFF7FEFF 		bl	MI_motor_Init
 347              	.LVL24:
 119:Core/Src/main.c ****   MI_motor_Enable(&MI_Motor_ID2);           // é€šè¿‡å‘é€å°ç±³ç»“æž„ä½“ data=00000000 ç”µæœºä½¿è
 348              		.loc 1 119 3 view .LVU86
 349 007c 0CA8     		add	r0, sp, #48
 350 007e FFF7FEFF 		bl	MI_motor_Enable
 351              	.LVL25:
 120:Core/Src/main.c **** 
ARM GAS  C:\Users\12990\AppData\Local\Temp\cckm0Ltp.s 			page 15


 352              		.loc 1 120 3 view .LVU87
 353 0082 02A8     		add	r0, sp, #8
 354 0084 FFF7FEFF 		bl	MI_motor_Enable
 355              	.LVL26:
 122:Core/Src/main.c ****   OLED_clear();
 356              		.loc 1 122 3 view .LVU88
 123:Core/Src/main.c ****   //è‡ªå®šä¹‰ åˆå§‹åŒ– ç»“æŸ ----------------------------------------------------------------
 357              		.loc 1 123 3 view .LVU89
 358 0088 FFF7FEFF 		bl	OLED_clear
 359              	.LVL27:
 130:Core/Src/main.c ****       OLED_show_string(1,1,"CH1 = ");
 360              		.loc 1 130 7 view .LVU90
 361 008c 3F4A     		ldr	r2, .L14+8
 362 008e 0121     		movs	r1, #1
 363 0090 0020     		movs	r0, #0
 364 0092 FFF7FEFF 		bl	OLED_show_string
 365              	.LVL28:
 131:Core/Src/main.c ****       OLED_show_string(2,1,"CH2 = ");
 366              		.loc 1 131 7 view .LVU91
 367 0096 3E4A     		ldr	r2, .L14+12
 368 0098 0121     		movs	r1, #1
 369 009a 0846     		mov	r0, r1
 370 009c FFF7FEFF 		bl	OLED_show_string
 371              	.LVL29:
 132:Core/Src/main.c ****       OLED_show_string(3,1,"CH3 = ");
 372              		.loc 1 132 7 view .LVU92
 373 00a0 3C4A     		ldr	r2, .L14+16
 374 00a2 0121     		movs	r1, #1
 375 00a4 0220     		movs	r0, #2
 376 00a6 FFF7FEFF 		bl	OLED_show_string
 377              	.LVL30:
 133:Core/Src/main.c ****   while (1)
 378              		.loc 1 133 7 view .LVU93
 379 00aa 3B4A     		ldr	r2, .L14+20
 380 00ac 0121     		movs	r1, #1
 381 00ae 0320     		movs	r0, #3
 382 00b0 FFF7FEFF 		bl	OLED_show_string
 383              	.LVL31:
 384              	.L12:
 134:Core/Src/main.c ****   {
 385              		.loc 1 134 3 discriminator 1 view .LVU94
 386              	.LBB8:
 136:Core/Src/main.c ****     speed = DT7_pram->rc.ch[1]/660.0;      // é€šè¿‡é¥æŽ§å™¨æŽ§åˆ¶ç”µæœºé€Ÿåº¦ //æ•°æ®ç±»åž‹ = in
 387              		.loc 1 136 5 discriminator 1 view .LVU95
 136:Core/Src/main.c ****     speed = DT7_pram->rc.ch[1]/660.0;      // é€šè¿‡é¥æŽ§å™¨æŽ§åˆ¶ç”µæœºé€Ÿåº¦ //æ•°æ®ç±»åž‹ = in
 388              		.loc 1 136 16 is_stmt 0 discriminator 1 view .LVU96
 389 00b4 FFF7FEFF 		bl	get_remote_control_point
 390              	.LVL32:
 391 00b8 0546     		mov	r5, r0
 136:Core/Src/main.c ****     speed = DT7_pram->rc.ch[1]/660.0;      // é€šè¿‡é¥æŽ§å™¨æŽ§åˆ¶ç”µæœºé€Ÿåº¦ //æ•°æ®ç±»åž‹ = in
 392              		.loc 1 136 14 discriminator 1 view .LVU97
 393 00ba 384C     		ldr	r4, .L14+24
 394 00bc 2060     		str	r0, [r4]
 137:Core/Src/main.c ****     speed = speed*5; //åŠ æƒ
 395              		.loc 1 137 5 is_stmt 1 discriminator 1 view .LVU98
 137:Core/Src/main.c ****     speed = speed*5; //åŠ æƒ
 396              		.loc 1 137 31 is_stmt 0 discriminator 1 view .LVU99
ARM GAS  C:\Users\12990\AppData\Local\Temp\cckm0Ltp.s 			page 16


 397 00be B0F90200 		ldrsh	r0, [r0, #2]
 398 00c2 FFF7FEFF 		bl	__aeabi_i2d
 399              	.LVL33:
 400 00c6 0022     		movs	r2, #0
 401 00c8 354B     		ldr	r3, .L14+28
 402 00ca FFF7FEFF 		bl	__aeabi_ddiv
 403              	.LVL34:
 137:Core/Src/main.c ****     speed = speed*5; //åŠ æƒ
 404              		.loc 1 137 11 discriminator 1 view .LVU100
 405 00ce FFF7FEFF 		bl	__aeabi_d2f
 406              	.LVL35:
 407 00d2 08EE100A 		vmov	s16, r0
 408              	.LVL36:
 138:Core/Src/main.c **** 
 409              		.loc 1 138 5 is_stmt 1 discriminator 1 view .LVU101
 138:Core/Src/main.c **** 
 410              		.loc 1 138 11 is_stmt 0 discriminator 1 view .LVU102
 411 00d6 F1EE047A 		vmov.f32	s15, #5.0e+0
 412 00da 28EE278A 		vmul.f32	s16, s16, s15
 413              	.LVL37:
 141:Core/Src/main.c ****     OLED_show_signednum(1,6,DT7_pram->rc.ch[1],3);
 414              		.loc 1 141 5 is_stmt 1 discriminator 1 view .LVU103
 415 00de 0323     		movs	r3, #3
 416 00e0 B5F90020 		ldrsh	r2, [r5]
 417 00e4 0621     		movs	r1, #6
 418 00e6 0020     		movs	r0, #0
 419 00e8 FFF7FEFF 		bl	OLED_show_signednum
 420              	.LVL38:
 142:Core/Src/main.c ****     OLED_show_signednum(2,6,DT7_pram->rc.ch[2],3);
 421              		.loc 1 142 5 discriminator 1 view .LVU104
 142:Core/Src/main.c ****     OLED_show_signednum(2,6,DT7_pram->rc.ch[2],3);
 422              		.loc 1 142 37 is_stmt 0 discriminator 1 view .LVU105
 423 00ec 2268     		ldr	r2, [r4]
 142:Core/Src/main.c ****     OLED_show_signednum(2,6,DT7_pram->rc.ch[2],3);
 424              		.loc 1 142 5 discriminator 1 view .LVU106
 425 00ee 0323     		movs	r3, #3
 426 00f0 B2F90220 		ldrsh	r2, [r2, #2]
 427 00f4 0621     		movs	r1, #6
 428 00f6 0120     		movs	r0, #1
 429 00f8 FFF7FEFF 		bl	OLED_show_signednum
 430              	.LVL39:
 143:Core/Src/main.c ****     OLED_show_signednum(3,6,DT7_pram->rc.ch[3],3);
 431              		.loc 1 143 5 is_stmt 1 discriminator 1 view .LVU107
 143:Core/Src/main.c ****     OLED_show_signednum(3,6,DT7_pram->rc.ch[3],3);
 432              		.loc 1 143 37 is_stmt 0 discriminator 1 view .LVU108
 433 00fc 2268     		ldr	r2, [r4]
 143:Core/Src/main.c ****     OLED_show_signednum(3,6,DT7_pram->rc.ch[3],3);
 434              		.loc 1 143 5 discriminator 1 view .LVU109
 435 00fe 0323     		movs	r3, #3
 436 0100 B2F90420 		ldrsh	r2, [r2, #4]
 437 0104 0621     		movs	r1, #6
 438 0106 0220     		movs	r0, #2
 439 0108 FFF7FEFF 		bl	OLED_show_signednum
 440              	.LVL40:
 144:Core/Src/main.c ****     OLED_show_signednum(4,6,DT7_pram->rc.ch[3]/33,3); //è¿™é‡Œé™¤å‡ºæ¥çš„æ˜¯æ•´æ•°ï¼Œå¯¼è‡´ç”µæœºæ
 441              		.loc 1 144 5 is_stmt 1 discriminator 1 view .LVU110
 144:Core/Src/main.c ****     OLED_show_signednum(4,6,DT7_pram->rc.ch[3]/33,3); //è¿™é‡Œé™¤å‡ºæ¥çš„æ˜¯æ•´æ•°ï¼Œå¯¼è‡´ç”µæœºæ
ARM GAS  C:\Users\12990\AppData\Local\Temp\cckm0Ltp.s 			page 17


 442              		.loc 1 144 37 is_stmt 0 discriminator 1 view .LVU111
 443 010c 2268     		ldr	r2, [r4]
 144:Core/Src/main.c ****     OLED_show_signednum(4,6,DT7_pram->rc.ch[3]/33,3); //è¿™é‡Œé™¤å‡ºæ¥çš„æ˜¯æ•´æ•°ï¼Œå¯¼è‡´ç”µæœºæ
 444              		.loc 1 144 5 discriminator 1 view .LVU112
 445 010e 0323     		movs	r3, #3
 446 0110 B2F90620 		ldrsh	r2, [r2, #6]
 447 0114 0621     		movs	r1, #6
 448 0116 1846     		mov	r0, r3
 449 0118 FFF7FEFF 		bl	OLED_show_signednum
 450              	.LVL41:
 145:Core/Src/main.c ****     OLED_refresh_gram();
 451              		.loc 1 145 5 is_stmt 1 discriminator 1 view .LVU113
 145:Core/Src/main.c ****     OLED_refresh_gram();
 452              		.loc 1 145 37 is_stmt 0 discriminator 1 view .LVU114
 453 011c 2368     		ldr	r3, [r4]
 145:Core/Src/main.c ****     OLED_refresh_gram();
 454              		.loc 1 145 44 discriminator 1 view .LVU115
 455 011e B3F90620 		ldrsh	r2, [r3, #6]
 145:Core/Src/main.c ****     OLED_refresh_gram();
 456              		.loc 1 145 5 discriminator 1 view .LVU116
 457 0122 204D     		ldr	r5, .L14+32
 458 0124 85FB0213 		smull	r1, r3, r5, r2
 459 0128 D217     		asrs	r2, r2, #31
 460 012a C2EBE302 		rsb	r2, r2, r3, asr #3
 461 012e 0323     		movs	r3, #3
 462 0130 12B2     		sxth	r2, r2
 463 0132 0621     		movs	r1, #6
 464 0134 0420     		movs	r0, #4
 465 0136 FFF7FEFF 		bl	OLED_show_signednum
 466              	.LVL42:
 146:Core/Src/main.c ****     //æ³¨æ„ï¼šè¿™é‡Œspeedå®šä¹‰ä¸ºfloatï¼Œä½†æ˜¯é¥æŽ§å™¨è¿”å›žçš„æ˜¯int16_tï¼Œå¯èƒ½éœ€è¦è¿›è¡Œç
 467              		.loc 1 146 5 is_stmt 1 discriminator 1 view .LVU117
 468 013a FFF7FEFF 		bl	OLED_refresh_gram
 469              	.LVL43:
 151:Core/Src/main.c ****     HAL_UART_Transmit_IT(&huart1,&data,4); //å‘é€é¥æŽ§å™¨æ•°æ®åˆ°ç”µè„‘
 470              		.loc 1 151 5 discriminator 1 view .LVU118
 151:Core/Src/main.c ****     HAL_UART_Transmit_IT(&huart1,&data,4); //å‘é€é¥æŽ§å™¨æ•°æ®åˆ°ç”µè„‘
 471              		.loc 1 151 13 is_stmt 0 discriminator 1 view .LVU119
 472 013e 1023     		movs	r3, #16
 473 0140 8DF80730 		strb	r3, [sp, #7]
 152:Core/Src/main.c ****     
 474              		.loc 1 152 5 is_stmt 1 discriminator 1 view .LVU120
 475 0144 0422     		movs	r2, #4
 476 0146 0DF10701 		add	r1, sp, #7
 477 014a 1748     		ldr	r0, .L14+36
 478 014c FFF7FEFF 		bl	HAL_UART_Transmit_IT
 479              	.LVL44:
 155:Core/Src/main.c ****     MI_motor_SpeedControl(&MI_Motor_ID2,DT7_pram->rc.ch[3]/33,1);
 480              		.loc 1 155 5 discriminator 1 view .LVU121
 481 0150 F7EE000A 		vmov.f32	s1, #1.0e+0
 482 0154 B0EE480A 		vmov.f32	s0, s16
 483 0158 0CA8     		add	r0, sp, #48
 484 015a FFF7FEFF 		bl	MI_motor_SpeedControl
 485              	.LVL45:
 156:Core/Src/main.c ****     //HAL_Delay(1000);
 486              		.loc 1 156 5 discriminator 1 view .LVU122
 156:Core/Src/main.c ****     //HAL_Delay(1000);
ARM GAS  C:\Users\12990\AppData\Local\Temp\cckm0Ltp.s 			page 18


 487              		.loc 1 156 49 is_stmt 0 discriminator 1 view .LVU123
 488 015e 2368     		ldr	r3, [r4]
 156:Core/Src/main.c ****     //HAL_Delay(1000);
 489              		.loc 1 156 56 discriminator 1 view .LVU124
 490 0160 B3F90630 		ldrsh	r3, [r3, #6]
 156:Core/Src/main.c ****     //HAL_Delay(1000);
 491              		.loc 1 156 5 discriminator 1 view .LVU125
 492 0164 85FB0325 		smull	r2, r5, r5, r3
 493 0168 DB17     		asrs	r3, r3, #31
 494 016a C3EBE503 		rsb	r3, r3, r5, asr #3
 495 016e 1BB2     		sxth	r3, r3
 496 0170 00EE103A 		vmov	s0, r3	@ int
 497 0174 F7EE000A 		vmov.f32	s1, #1.0e+0
 498 0178 B8EEC00A 		vcvt.f32.s32	s0, s0
 499 017c 02A8     		add	r0, sp, #8
 500 017e FFF7FEFF 		bl	MI_motor_SpeedControl
 501              	.LVL46:
 502              	.LBE8:
 134:Core/Src/main.c ****   {
 503              		.loc 1 134 9 is_stmt 1 discriminator 1 view .LVU126
 504 0182 97E7     		b	.L12
 505              	.L15:
 506              		.align	2
 507              	.L14:
 508 0184 00000000 		.word	.LC0
 509 0188 00000000 		.word	hcan1
 510 018c 04000000 		.word	.LC1
 511 0190 0C000000 		.word	.LC2
 512 0194 14000000 		.word	.LC3
 513 0198 1C000000 		.word	.LC4
 514 019c 00000000 		.word	.LANCHOR0
 515 01a0 00A08440 		.word	1082433536
 516 01a4 E1830F3E 		.word	1041204193
 517 01a8 00000000 		.word	huart1
 518              		.cfi_endproc
 519              	.LFE130:
 521              		.global	DT7_pram
 522              		.section	.bss.DT7_pram,"aw",%nobits
 523              		.align	2
 524              		.set	.LANCHOR0,. + 0
 527              	DT7_pram:
 528 0000 00000000 		.space	4
 529              		.text
 530              	.Letext0:
 531              		.file 3 "c:\\program files (x86)\\gnu arm embedded toolchain\\10 2021.10\\arm-none-eabi\\include\\
 532              		.file 4 "c:\\program files (x86)\\gnu arm embedded toolchain\\10 2021.10\\arm-none-eabi\\include\\
 533              		.file 5 "Drivers/CMSIS/Device/ST/STM32F4xx/Include/stm32f407xx.h"
 534              		.file 6 "Drivers/CMSIS/Device/ST/STM32F4xx/Include/stm32f4xx.h"
 535              		.file 7 "Drivers/STM32F4xx_HAL_Driver/Inc/stm32f4xx_hal_def.h"
 536              		.file 8 "Drivers/STM32F4xx_HAL_Driver/Inc/stm32f4xx_hal_rcc_ex.h"
 537              		.file 9 "Drivers/STM32F4xx_HAL_Driver/Inc/stm32f4xx_hal_rcc.h"
 538              		.file 10 "Drivers/STM32F4xx_HAL_Driver/Inc/stm32f4xx_hal_dma.h"
 539              		.file 11 "Drivers/STM32F4xx_HAL_Driver/Inc/stm32f4xx_hal_can.h"
 540              		.file 12 "Drivers/STM32F4xx_HAL_Driver/Inc/stm32f4xx_hal_uart.h"
 541              		.file 13 "Core/Inc/can.h"
 542              		.file 14 "Core/Inc/usart.h"
 543              		.file 15 "modules/MI_motor_drive.h"
ARM GAS  C:\Users\12990\AppData\Local\Temp\cckm0Ltp.s 			page 19


 544              		.file 16 "modules/remote_control.h"
 545              		.file 17 "modules/OLED.h"
 546              		.file 18 "Drivers/STM32F4xx_HAL_Driver/Inc/stm32f4xx_hal.h"
 547              		.file 19 "Core/Inc/gpio.h"
 548              		.file 20 "Core/Inc/dma.h"
 549              		.file 21 "Core/Inc/i2c.h"
 550              		.file 22 "modules/can_test.h"
 551              		.file 23 "<built-in>"
ARM GAS  C:\Users\12990\AppData\Local\Temp\cckm0Ltp.s 			page 20


DEFINED SYMBOLS
                            *ABS*:00000000 main.c
C:\Users\12990\AppData\Local\Temp\cckm0Ltp.s:20     .text.Error_Handler:00000000 $t
C:\Users\12990\AppData\Local\Temp\cckm0Ltp.s:26     .text.Error_Handler:00000000 Error_Handler
C:\Users\12990\AppData\Local\Temp\cckm0Ltp.s:59     .text.SystemClock_Config:00000000 $t
C:\Users\12990\AppData\Local\Temp\cckm0Ltp.s:65     .text.SystemClock_Config:00000000 SystemClock_Config
C:\Users\12990\AppData\Local\Temp\cckm0Ltp.s:213    .text.SystemClock_Config:000000a0 $d
C:\Users\12990\AppData\Local\Temp\cckm0Ltp.s:219    .rodata.main.str1.4:00000000 $d
C:\Users\12990\AppData\Local\Temp\cckm0Ltp.s:238    .text.main:00000000 $t
C:\Users\12990\AppData\Local\Temp\cckm0Ltp.s:244    .text.main:00000000 main
C:\Users\12990\AppData\Local\Temp\cckm0Ltp.s:508    .text.main:00000184 $d
C:\Users\12990\AppData\Local\Temp\cckm0Ltp.s:527    .bss.DT7_pram:00000000 DT7_pram
C:\Users\12990\AppData\Local\Temp\cckm0Ltp.s:523    .bss.DT7_pram:00000000 $d

UNDEFINED SYMBOLS
memset
HAL_RCC_OscConfig
HAL_RCC_ClockConfig
__aeabi_i2d
__aeabi_ddiv
__aeabi_d2f
HAL_Init
MX_GPIO_Init
MX_DMA_Init
MX_CAN1_Init
MX_USART1_UART_Init
MX_USART3_UART_Init
MX_I2C2_Init
OLED_init
OLED_clear
OLED_printf
OLED_refresh_gram
remote_control_init
CAN_Init
MI_motor_Init
MI_motor_Enable
OLED_show_string
get_remote_control_point
OLED_show_signednum
HAL_UART_Transmit_IT
MI_motor_SpeedControl
hcan1
huart1
